[2025-09-09 11:36:51,088][hydra.utils][INFO] - 
=== Configurations ===
t_epochs: 5
s_epochs: 20
data_dir: ./data
batch_size: 64
num_classes: 10
alpha: 0.7
temperature: 3.0
seed: 45

[2025-09-09 11:36:51,088][hydra.utils][INFO] - 
learning rate: 0.002

[2025-09-09 11:36:51,129][hydra.utils][INFO] - 
device: cuda

[2025-09-09 11:36:55,489][hydra.utils][INFO] - 
=== Training Teacher EfficientNet-B4 ===
[2025-09-09 11:37:29,047][hydra.utils][INFO] - 
Epoch 1/5, Loss: 0.4661, Accuracy: 0.8525
[2025-09-09 11:38:02,135][hydra.utils][INFO] - 
Epoch 2/5, Loss: 0.1680, Accuracy: 0.9478
[2025-09-09 11:38:35,453][hydra.utils][INFO] - 
Epoch 3/5, Loss: 0.1047, Accuracy: 0.9678
[2025-09-09 11:39:08,820][hydra.utils][INFO] - 
Epoch 4/5, Loss: 0.0817, Accuracy: 0.9745
[2025-09-09 11:39:42,230][hydra.utils][INFO] - 
Epoch 5/5, Loss: 0.0876, Accuracy: 0.9737
[2025-09-09 11:39:43,724][hydra.utils][INFO] - 
TEACHER - Test Metrics: {'Loss': 0.1153, 'Accuracy': 0.9696, 'Precision': 0.969, 'Recall': 0.9688, 'F1 Score': 0.9686}
[2025-09-09 11:39:43,724][hydra.utils][INFO] - 
=== Training SimpleNet with Teacher EfficientNet-B4 ===
[2025-09-09 11:39:58,078][hydra.utils][INFO] - 
Epoch 1/20, Loss: 1.0940, Accuracy: 0.5962.
Validation Metrics:
 {'Loss': 0.9551, 'Accuracy': 0.6881, 'Precision': 0.676, 'Recall': 0.6828, 'F1 Score': 0.6729}
[2025-09-09 11:39:58,078][hydra.utils][INFO] - Miglioramento trovato, modello salvato in memoria
[2025-09-09 11:40:12,451][hydra.utils][INFO] - 
Epoch 2/20, Loss: 0.5913, Accuracy: 0.7985.
Validation Metrics:
 {'Loss': 0.7618, 'Accuracy': 0.7689, 'Precision': 0.7648, 'Recall': 0.7581, 'F1 Score': 0.7549}
[2025-09-09 11:40:12,451][hydra.utils][INFO] - Miglioramento trovato, modello salvato in memoria
[2025-09-09 11:40:26,863][hydra.utils][INFO] - 
Epoch 3/20, Loss: 0.3681, Accuracy: 0.8949.
Validation Metrics:
 {'Loss': 0.8097, 'Accuracy': 0.7996, 'Precision': 0.793, 'Recall': 0.7923, 'F1 Score': 0.7886}
[2025-09-09 11:40:26,863][hydra.utils][INFO] - ⏸ Nessun miglioramento (1/4)
[2025-09-09 11:40:41,020][hydra.utils][INFO] - 
Epoch 4/20, Loss: 0.2582, Accuracy: 0.9429.
Validation Metrics:
 {'Loss': 0.9193, 'Accuracy': 0.7767, 'Precision': 0.7726, 'Recall': 0.7693, 'F1 Score': 0.7648}
[2025-09-09 11:40:41,020][hydra.utils][INFO] - ⏸ Nessun miglioramento (2/4)
[2025-09-09 11:40:55,171][hydra.utils][INFO] - 
Epoch 5/20, Loss: 0.1806, Accuracy: 0.9741.
Validation Metrics:
 {'Loss': 0.9487, 'Accuracy': 0.7881, 'Precision': 0.78, 'Recall': 0.7806, 'F1 Score': 0.7757}
[2025-09-09 11:40:55,171][hydra.utils][INFO] - ⏸ Nessun miglioramento (3/4)
[2025-09-09 11:41:09,388][hydra.utils][INFO] - 
Epoch 6/20, Loss: 0.1449, Accuracy: 0.9847.
Validation Metrics:
 {'Loss': 0.9456, 'Accuracy': 0.7896, 'Precision': 0.7839, 'Recall': 0.7825, 'F1 Score': 0.7815}
[2025-09-09 11:41:09,388][hydra.utils][INFO] - ⏸ Nessun miglioramento (4/4)
[2025-09-09 11:41:09,388][hydra.utils][INFO] - Early stopping attivato
[2025-09-09 11:41:09,388][hydra.utils][INFO] - Modello ripristinato ai pesi migliori
[2025-09-09 11:41:10,001][hydra.utils][INFO] - 
SimpleNet - Test Metrics: {'Loss': 0.8777, 'Accuracy': 0.7981, 'Precision': 0.7915, 'Recall': 0.7884, 'F1 Score': 0.7889, 'Total Inference Time': 75.2285, 'Single Img Average Inference Time': 0.0279, 'Number of Parameters': 1315818, 'Accuracy/Num Parameters': 6.065428501510088e-07, 'Accuracy/Inference Time': 28.6443, 'Confusion Matrix': array([[238,   5,   3,   3,   1,   9,   9,   0,  12,   7],
       [  0, 287,   2,   0,   0,   6,   0,   0,   1,   0],
       [  8,   4, 192,   5,   6,   9,  24,   8,  18,   1],
       [  8,   0,  17, 161,   3,   5,  17,   3,  46,   0],
       [  0,   0,   3,   7, 212,   0,   8,  16,   8,   0],
       [  2,   9,  16,   4,   0, 147,   3,   0,  19,   4],
       [ 13,   0,  51,  13,   3,   6, 166,   0,   7,   0],
       [  0,   0,   9,   4,   4,   1,   0, 277,   1,   0],
       [ 13,   2,   6,  34,   1,  18,   6,   1, 167,   6],
       [  2,   2,   0,   0,   0,   1,   0,   0,   2, 308]])}
[2025-09-09 11:41:10,230][hydra.utils][INFO] - SimpleNet - Predizione corretta: True=SeaLake, Pred=SeaLake - Layer: conv1
[2025-09-09 11:41:10,320][hydra.utils][INFO] - SimpleNet - Predizione corretta: True=SeaLake, Pred=SeaLake - Layer: conv2
[2025-09-09 11:41:10,400][hydra.utils][INFO] - SimpleNet - Predizione sbagliata: True=Highway, Pred=River - Layer: conv1
[2025-09-09 11:41:10,480][hydra.utils][INFO] - SimpleNet - Predizione sbagliata: True=Highway, Pred=River - Layer: conv2
[2025-09-09 11:41:10,484][hydra.utils][INFO] - SimpleNet model weights saved
[2025-09-09 11:41:10,484][hydra.utils][INFO] - 
=== Training StudentResNet with Teacher EfficientNet-B4 ===
[2025-09-09 11:41:33,383][hydra.utils][INFO] - 
Epoch 1/20, Loss: 0.8055, Accuracy: 0.7114.
Validation Metrics:
 {'Loss': 1.6015, 'Accuracy': 0.6722, 'Precision': 0.722, 'Recall': 0.6712, 'F1 Score': 0.6513}
[2025-09-09 11:41:33,383][hydra.utils][INFO] - Miglioramento trovato, modello salvato in memoria
[2025-09-09 11:41:56,429][hydra.utils][INFO] - 
Epoch 2/20, Loss: 0.5186, Accuracy: 0.8126.
Validation Metrics:
 {'Loss': 2.4232, 'Accuracy': 0.6852, 'Precision': 0.6487, 'Recall': 0.6943, 'F1 Score': 0.6535}
[2025-09-09 11:41:56,429][hydra.utils][INFO] - ⏸ Nessun miglioramento (1/4)
[2025-09-09 11:42:19,465][hydra.utils][INFO] - 
Epoch 3/20, Loss: 0.4521, Accuracy: 0.8406.
Validation Metrics:
 {'Loss': 0.5229, 'Accuracy': 0.8467, 'Precision': 0.8499, 'Recall': 0.8434, 'F1 Score': 0.843}
[2025-09-09 11:42:19,465][hydra.utils][INFO] - Miglioramento trovato, modello salvato in memoria
[2025-09-09 11:42:42,374][hydra.utils][INFO] - 
Epoch 4/20, Loss: 0.3834, Accuracy: 0.8653.
Validation Metrics:
 {'Loss': 0.3807, 'Accuracy': 0.8874, 'Precision': 0.8876, 'Recall': 0.8862, 'F1 Score': 0.8838}
[2025-09-09 11:42:42,374][hydra.utils][INFO] - Miglioramento trovato, modello salvato in memoria
[2025-09-09 11:43:05,418][hydra.utils][INFO] - 
Epoch 5/20, Loss: 0.3312, Accuracy: 0.8846.
Validation Metrics:
 {'Loss': 0.8353, 'Accuracy': 0.7978, 'Precision': 0.8332, 'Recall': 0.7976, 'F1 Score': 0.7889}
[2025-09-09 11:43:05,418][hydra.utils][INFO] - ⏸ Nessun miglioramento (1/4)
[2025-09-09 11:43:28,365][hydra.utils][INFO] - 
Epoch 6/20, Loss: 0.3110, Accuracy: 0.8943.
Validation Metrics:
 {'Loss': 0.5545, 'Accuracy': 0.84, 'Precision': 0.8598, 'Recall': 0.8301, 'F1 Score': 0.8293}
[2025-09-09 11:43:28,365][hydra.utils][INFO] - ⏸ Nessun miglioramento (2/4)
[2025-09-09 11:43:51,414][hydra.utils][INFO] - 
Epoch 7/20, Loss: 0.2737, Accuracy: 0.9082.
Validation Metrics:
 {'Loss': 0.3975, 'Accuracy': 0.8948, 'Precision': 0.9077, 'Recall': 0.8904, 'F1 Score': 0.8921}
[2025-09-09 11:43:51,414][hydra.utils][INFO] - ⏸ Nessun miglioramento (3/4)
[2025-09-09 11:44:14,381][hydra.utils][INFO] - 
Epoch 8/20, Loss: 0.2435, Accuracy: 0.9187.
Validation Metrics:
 {'Loss': 0.2544, 'Accuracy': 0.9248, 'Precision': 0.9269, 'Recall': 0.9233, 'F1 Score': 0.9242}
[2025-09-09 11:44:14,381][hydra.utils][INFO] - Miglioramento trovato, modello salvato in memoria
[2025-09-09 11:44:37,511][hydra.utils][INFO] - 
Epoch 9/20, Loss: 0.2198, Accuracy: 0.9303.
Validation Metrics:
 {'Loss': 0.2502, 'Accuracy': 0.9244, 'Precision': 0.924, 'Recall': 0.923, 'F1 Score': 0.9228}
[2025-09-09 11:44:37,512][hydra.utils][INFO] - Miglioramento trovato, modello salvato in memoria
[2025-09-09 11:45:00,745][hydra.utils][INFO] - 
Epoch 10/20, Loss: 0.2029, Accuracy: 0.9346.
Validation Metrics:
 {'Loss': 0.234, 'Accuracy': 0.9337, 'Precision': 0.9327, 'Recall': 0.9326, 'F1 Score': 0.9318}
[2025-09-09 11:45:00,746][hydra.utils][INFO] - Miglioramento trovato, modello salvato in memoria
[2025-09-09 11:45:23,676][hydra.utils][INFO] - 
Epoch 11/20, Loss: 0.1970, Accuracy: 0.9396.
Validation Metrics:
 {'Loss': 0.2438, 'Accuracy': 0.9167, 'Precision': 0.9187, 'Recall': 0.9165, 'F1 Score': 0.9152}
[2025-09-09 11:45:23,676][hydra.utils][INFO] - ⏸ Nessun miglioramento (1/4)
[2025-09-09 11:45:46,575][hydra.utils][INFO] - 
Epoch 12/20, Loss: 0.1760, Accuracy: 0.9464.
Validation Metrics:
 {'Loss': 0.2014, 'Accuracy': 0.9359, 'Precision': 0.9357, 'Recall': 0.9344, 'F1 Score': 0.9342}
[2025-09-09 11:45:46,575][hydra.utils][INFO] - Miglioramento trovato, modello salvato in memoria
[2025-09-09 11:46:09,496][hydra.utils][INFO] - 
Epoch 13/20, Loss: 0.1771, Accuracy: 0.9460.
Validation Metrics:
 {'Loss': 0.2212, 'Accuracy': 0.93, 'Precision': 0.9319, 'Recall': 0.9309, 'F1 Score': 0.9286}
[2025-09-09 11:46:09,496][hydra.utils][INFO] - ⏸ Nessun miglioramento (1/4)
[2025-09-09 11:46:32,413][hydra.utils][INFO] - 
Epoch 14/20, Loss: 0.1635, Accuracy: 0.9516.
Validation Metrics:
 {'Loss': 0.207, 'Accuracy': 0.94, 'Precision': 0.9414, 'Recall': 0.9371, 'F1 Score': 0.9382}
[2025-09-09 11:46:32,413][hydra.utils][INFO] - ⏸ Nessun miglioramento (2/4)
[2025-09-09 11:46:55,358][hydra.utils][INFO] - 
Epoch 15/20, Loss: 0.1549, Accuracy: 0.9515.
Validation Metrics:
 {'Loss': 0.2842, 'Accuracy': 0.9159, 'Precision': 0.9205, 'Recall': 0.9122, 'F1 Score': 0.9144}
[2025-09-09 11:46:55,358][hydra.utils][INFO] - ⏸ Nessun miglioramento (3/4)
[2025-09-09 11:47:18,303][hydra.utils][INFO] - 
Epoch 16/20, Loss: 0.1526, Accuracy: 0.9548.
Validation Metrics:
 {'Loss': 0.2471, 'Accuracy': 0.9315, 'Precision': 0.9348, 'Recall': 0.9331, 'F1 Score': 0.9301}
[2025-09-09 11:47:18,303][hydra.utils][INFO] - ⏸ Nessun miglioramento (4/4)
[2025-09-09 11:47:18,303][hydra.utils][INFO] - Early stopping attivato
[2025-09-09 11:47:18,303][hydra.utils][INFO] - Modello ripristinato ai pesi migliori
[2025-09-09 11:47:19,218][hydra.utils][INFO] - 
StudentResNet - Test Metrics: {'Loss': 0.2581, 'Accuracy': 0.9296, 'Precision': 0.933, 'Recall': 0.9306, 'F1 Score': 0.9272, 'Total Inference Time': 380.2458, 'Single Img Average Inference Time': 0.1408, 'Number of Parameters': 168746, 'Accuracy/Num Parameters': 5.508871321394285e-06, 'Accuracy/Inference Time': 6.6008, 'Confusion Matrix': array([[273,   0,   0,   4,   0,   4,   1,   0,   4,   1],
       [  0, 232,   4,   0,   0,  57,   0,   0,   0,   3],
       [  2,   0, 265,   0,   1,   4,   1,   2,   0,   0],
       [  0,   0,   0, 249,   0,   3,   1,   3,   4,   0],
       [  0,   0,   3,   6, 240,   0,   1,   3,   1,   0],
       [  1,   0,   0,   0,   0, 203,   0,   0,   0,   0],
       [  6,   0,  16,   1,   0,   6, 229,   1,   0,   0],
       [  0,   0,   1,   0,   0,   0,   0, 295,   0,   0],
       [ 11,   0,   5,   9,   1,   8,   1,   0, 217,   2],
       [  2,   0,   0,   0,   0,   5,   0,   0,   1, 307]])}
[2025-09-09 11:47:19,339][hydra.utils][INFO] - StudentResNet - Predizione corretta: True=SeaLake, Pred=SeaLake - Layer: conv1
[2025-09-09 11:47:19,424][hydra.utils][INFO] - StudentResNet - Predizione corretta: True=SeaLake, Pred=SeaLake - Layer: conv2
[2025-09-09 11:47:19,512][hydra.utils][INFO] - StudentResNet - Predizione corretta: True=SeaLake, Pred=SeaLake - Layer: residual_block
[2025-09-09 11:47:19,597][hydra.utils][INFO] - StudentResNet - Predizione corretta: True=SeaLake, Pred=SeaLake - Layer: conv3
[2025-09-09 11:47:19,684][hydra.utils][INFO] - StudentResNet - Predizione sbagliata: True=PermanentCrop, Pred=AnnualCrop - Layer: conv1
[2025-09-09 11:47:19,839][hydra.utils][INFO] - StudentResNet - Predizione sbagliata: True=PermanentCrop, Pred=AnnualCrop - Layer: conv2
[2025-09-09 11:47:19,926][hydra.utils][INFO] - StudentResNet - Predizione sbagliata: True=PermanentCrop, Pred=AnnualCrop - Layer: residual_block
[2025-09-09 11:47:20,012][hydra.utils][INFO] - StudentResNet - Predizione sbagliata: True=PermanentCrop, Pred=AnnualCrop - Layer: conv3
[2025-09-09 11:47:20,014][hydra.utils][INFO] - StudentResNet model weights saved
[2025-09-09 11:47:20,014][hydra.utils][INFO] - 
=== Training StudentNetSeparable with Teacher EfficientNet-B4 ===
[2025-09-09 11:47:38,037][hydra.utils][INFO] - 
Epoch 1/20, Loss: 1.0165, Accuracy: 0.6138.
Validation Metrics:
 {'Loss': 1.1665, 'Accuracy': 0.6648, 'Precision': 0.6907, 'Recall': 0.6611, 'F1 Score': 0.6406}
[2025-09-09 11:47:38,037][hydra.utils][INFO] - Miglioramento trovato, modello salvato in memoria
[2025-09-09 11:47:56,021][hydra.utils][INFO] - 
Epoch 2/20, Loss: 0.7296, Accuracy: 0.7311.
Validation Metrics:
 {'Loss': 0.6742, 'Accuracy': 0.7811, 'Precision': 0.7738, 'Recall': 0.7738, 'F1 Score': 0.764}
[2025-09-09 11:47:56,021][hydra.utils][INFO] - Miglioramento trovato, modello salvato in memoria
[2025-09-09 11:48:13,974][hydra.utils][INFO] - 
Epoch 3/20, Loss: 0.6489, Accuracy: 0.7634.
Validation Metrics:
 {'Loss': 0.6723, 'Accuracy': 0.7881, 'Precision': 0.8034, 'Recall': 0.7816, 'F1 Score': 0.7768}
[2025-09-09 11:48:13,974][hydra.utils][INFO] - Miglioramento trovato, modello salvato in memoria
[2025-09-09 11:48:31,926][hydra.utils][INFO] - 
Epoch 4/20, Loss: 0.5768, Accuracy: 0.7951.
Validation Metrics:
 {'Loss': 0.5448, 'Accuracy': 0.8252, 'Precision': 0.8308, 'Recall': 0.8155, 'F1 Score': 0.8181}
[2025-09-09 11:48:31,926][hydra.utils][INFO] - Miglioramento trovato, modello salvato in memoria
[2025-09-09 11:48:49,955][hydra.utils][INFO] - 
Epoch 5/20, Loss: 0.5570, Accuracy: 0.8037.
Validation Metrics:
 {'Loss': 0.5132, 'Accuracy': 0.8281, 'Precision': 0.8258, 'Recall': 0.8239, 'F1 Score': 0.8229}
[2025-09-09 11:48:49,955][hydra.utils][INFO] - Miglioramento trovato, modello salvato in memoria
[2025-09-09 11:49:07,856][hydra.utils][INFO] - 
Epoch 6/20, Loss: 0.5135, Accuracy: 0.8188.
Validation Metrics:
 {'Loss': 0.5593, 'Accuracy': 0.8311, 'Precision': 0.8284, 'Recall': 0.8298, 'F1 Score': 0.8247}
[2025-09-09 11:49:07,856][hydra.utils][INFO] - ⏸ Nessun miglioramento (1/4)
[2025-09-09 11:49:25,764][hydra.utils][INFO] - 
Epoch 7/20, Loss: 0.4986, Accuracy: 0.8242.
Validation Metrics:
 {'Loss': 0.4525, 'Accuracy': 0.8533, 'Precision': 0.8512, 'Recall': 0.8488, 'F1 Score': 0.8488}
[2025-09-09 11:49:25,764][hydra.utils][INFO] - Miglioramento trovato, modello salvato in memoria
[2025-09-09 11:49:43,701][hydra.utils][INFO] - 
Epoch 8/20, Loss: 0.4748, Accuracy: 0.8356.
Validation Metrics:
 {'Loss': 0.7559, 'Accuracy': 0.7963, 'Precision': 0.8146, 'Recall': 0.7951, 'F1 Score': 0.7928}
[2025-09-09 11:49:43,701][hydra.utils][INFO] - ⏸ Nessun miglioramento (1/4)
[2025-09-09 11:50:01,739][hydra.utils][INFO] - 
Epoch 9/20, Loss: 0.4603, Accuracy: 0.8420.
Validation Metrics:
 {'Loss': 0.5277, 'Accuracy': 0.8493, 'Precision': 0.8567, 'Recall': 0.8453, 'F1 Score': 0.8412}
[2025-09-09 11:50:01,739][hydra.utils][INFO] - ⏸ Nessun miglioramento (2/4)
[2025-09-09 11:50:19,831][hydra.utils][INFO] - 
Epoch 10/20, Loss: 0.4427, Accuracy: 0.8478.
Validation Metrics:
 {'Loss': 0.393, 'Accuracy': 0.877, 'Precision': 0.8751, 'Recall': 0.8735, 'F1 Score': 0.8729}
[2025-09-09 11:50:19,831][hydra.utils][INFO] - Miglioramento trovato, modello salvato in memoria
[2025-09-09 11:50:37,987][hydra.utils][INFO] - 
Epoch 11/20, Loss: 0.4241, Accuracy: 0.8571.
Validation Metrics:
 {'Loss': 0.4272, 'Accuracy': 0.867, 'Precision': 0.8708, 'Recall': 0.8603, 'F1 Score': 0.8613}
[2025-09-09 11:50:37,987][hydra.utils][INFO] - ⏸ Nessun miglioramento (1/4)
[2025-09-09 11:50:56,162][hydra.utils][INFO] - 
Epoch 12/20, Loss: 0.4067, Accuracy: 0.8613.
Validation Metrics:
 {'Loss': 0.5496, 'Accuracy': 0.8515, 'Precision': 0.854, 'Recall': 0.8528, 'F1 Score': 0.8461}
[2025-09-09 11:50:56,162][hydra.utils][INFO] - ⏸ Nessun miglioramento (2/4)
[2025-09-09 11:51:14,378][hydra.utils][INFO] - 
Epoch 13/20, Loss: 0.4000, Accuracy: 0.8651.
Validation Metrics:
 {'Loss': 0.3576, 'Accuracy': 0.8822, 'Precision': 0.8828, 'Recall': 0.8781, 'F1 Score': 0.8774}
[2025-09-09 11:51:14,378][hydra.utils][INFO] - Miglioramento trovato, modello salvato in memoria
[2025-09-09 11:51:32,526][hydra.utils][INFO] - 
Epoch 14/20, Loss: 0.3948, Accuracy: 0.8644.
Validation Metrics:
 {'Loss': 0.4025, 'Accuracy': 0.8822, 'Precision': 0.8834, 'Recall': 0.8783, 'F1 Score': 0.8784}
[2025-09-09 11:51:32,526][hydra.utils][INFO] - ⏸ Nessun miglioramento (1/4)
[2025-09-09 11:51:50,583][hydra.utils][INFO] - 
Epoch 15/20, Loss: 0.3844, Accuracy: 0.8721.
Validation Metrics:
 {'Loss': 0.332, 'Accuracy': 0.8922, 'Precision': 0.89, 'Recall': 0.8888, 'F1 Score': 0.8883}
[2025-09-09 11:51:50,583][hydra.utils][INFO] - Miglioramento trovato, modello salvato in memoria
[2025-09-09 11:52:08,658][hydra.utils][INFO] - 
Epoch 16/20, Loss: 0.3715, Accuracy: 0.8753.
Validation Metrics:
 {'Loss': 0.4808, 'Accuracy': 0.8644, 'Precision': 0.8685, 'Recall': 0.8655, 'F1 Score': 0.858}
[2025-09-09 11:52:08,658][hydra.utils][INFO] - ⏸ Nessun miglioramento (1/4)
[2025-09-09 11:52:26,912][hydra.utils][INFO] - 
Epoch 17/20, Loss: 0.3638, Accuracy: 0.8775.
Validation Metrics:
 {'Loss': 0.4145, 'Accuracy': 0.8807, 'Precision': 0.8846, 'Recall': 0.8797, 'F1 Score': 0.8767}
[2025-09-09 11:52:26,912][hydra.utils][INFO] - ⏸ Nessun miglioramento (2/4)
[2025-09-09 11:52:45,047][hydra.utils][INFO] - 
Epoch 18/20, Loss: 0.3576, Accuracy: 0.8828.
Validation Metrics:
 {'Loss': 0.3931, 'Accuracy': 0.8885, 'Precision': 0.8909, 'Recall': 0.884, 'F1 Score': 0.8849}
[2025-09-09 11:52:45,047][hydra.utils][INFO] - ⏸ Nessun miglioramento (3/4)
[2025-09-09 11:53:03,127][hydra.utils][INFO] - 
Epoch 19/20, Loss: 0.3497, Accuracy: 0.8826.
Validation Metrics:
 {'Loss': 0.4316, 'Accuracy': 0.8778, 'Precision': 0.8882, 'Recall': 0.8739, 'F1 Score': 0.8749}
[2025-09-09 11:53:03,127][hydra.utils][INFO] - ⏸ Nessun miglioramento (4/4)
[2025-09-09 11:53:03,127][hydra.utils][INFO] - Early stopping attivato
[2025-09-09 11:53:03,127][hydra.utils][INFO] - Modello ripristinato ai pesi migliori
[2025-09-09 11:53:03,885][hydra.utils][INFO] - 
StudentNetSeparable - Test Metrics: {'Loss': 0.4626, 'Accuracy': 0.8622, 'Precision': 0.8706, 'Recall': 0.8564, 'F1 Score': 0.8572, 'Total Inference Time': 209.707, 'Single Img Average Inference Time': 0.0777, 'Number of Parameters': 151237, 'Accuracy/Num Parameters': 5.700985869859889e-06, 'Accuracy/Inference Time': 11.1009, 'Confusion Matrix': array([[252,   3,   0,   3,   0,   6,  19,   0,   3,   1],
       [  0, 295,   1,   0,   0,   0,   0,   0,   0,   0],
       [  4,   4, 190,   4,   3,   6,  53,   9,   2,   0],
       [  7,   0,   2, 192,   4,   3,  31,  12,   9,   0],
       [  0,   0,   0,   5, 215,   0,   8,  26,   0,   0],
       [  2,   5,  11,   1,   0, 170,  10,   0,   5,   0],
       [  3,   0,   8,   0,   0,   1, 245,   1,   1,   0],
       [  0,   0,   0,   0,   2,   0,   0, 294,   0,   0],
       [  9,   7,   8,  29,   1,   6,  17,   1, 175,   1],
       [  6,   2,   1,   0,   0,   3,   0,   0,   3, 300]])}
[2025-09-09 11:53:04,000][hydra.utils][INFO] - StudentNetSeparable - Predizione corretta: True=SeaLake, Pred=SeaLake - Layer: depthwise
[2025-09-09 11:53:04,082][hydra.utils][INFO] - StudentNetSeparable - Predizione corretta: True=SeaLake, Pred=SeaLake - Layer: pointwise
[2025-09-09 11:53:04,171][hydra.utils][INFO] - StudentNetSeparable - Predizione corretta: True=SeaLake, Pred=SeaLake - Layer: conv2
[2025-09-09 11:53:04,255][hydra.utils][INFO] - StudentNetSeparable - Predizione sbagliata: True=River, Pred=Highway - Layer: depthwise
[2025-09-09 11:53:04,342][hydra.utils][INFO] - StudentNetSeparable - Predizione sbagliata: True=River, Pred=Highway - Layer: pointwise
[2025-09-09 11:53:04,433][hydra.utils][INFO] - StudentNetSeparable - Predizione sbagliata: True=River, Pred=Highway - Layer: conv2
[2025-09-09 11:53:04,435][hydra.utils][INFO] - StudentNetSeparable model weights saved
[2025-09-09 11:53:04,435][hydra.utils][INFO] - 
=== Training StudentNetDepthwiseSkip with Teacher EfficientNet-B4 ===
[2025-09-09 11:53:23,723][hydra.utils][INFO] - 
Epoch 1/20, Loss: 1.0328, Accuracy: 0.6056.
Validation Metrics:
 {'Loss': 0.9457, 'Accuracy': 0.6996, 'Precision': 0.7089, 'Recall': 0.6953, 'F1 Score': 0.6836}
[2025-09-09 11:53:23,723][hydra.utils][INFO] - Miglioramento trovato, modello salvato in memoria
[2025-09-09 11:53:42,998][hydra.utils][INFO] - 
Epoch 2/20, Loss: 0.7122, Accuracy: 0.7347.
Validation Metrics:
 {'Loss': 0.7139, 'Accuracy': 0.7663, 'Precision': 0.7699, 'Recall': 0.7619, 'F1 Score': 0.7586}
[2025-09-09 11:53:42,998][hydra.utils][INFO] - Miglioramento trovato, modello salvato in memoria
[2025-09-09 11:54:02,260][hydra.utils][INFO] - 
Epoch 3/20, Loss: 0.6393, Accuracy: 0.7656.
Validation Metrics:
 {'Loss': 0.5917, 'Accuracy': 0.807, 'Precision': 0.811, 'Recall': 0.8008, 'F1 Score': 0.7994}
[2025-09-09 11:54:02,260][hydra.utils][INFO] - Miglioramento trovato, modello salvato in memoria
[2025-09-09 11:54:21,567][hydra.utils][INFO] - 
Epoch 4/20, Loss: 0.5755, Accuracy: 0.7911.
Validation Metrics:
 {'Loss': 0.5497, 'Accuracy': 0.8174, 'Precision': 0.8186, 'Recall': 0.8129, 'F1 Score': 0.8107}
[2025-09-09 11:54:21,568][hydra.utils][INFO] - Miglioramento trovato, modello salvato in memoria
[2025-09-09 11:54:40,798][hydra.utils][INFO] - 
Epoch 5/20, Loss: 0.5407, Accuracy: 0.8050.
Validation Metrics:
 {'Loss': 0.5301, 'Accuracy': 0.8137, 'Precision': 0.8137, 'Recall': 0.8095, 'F1 Score': 0.8082}
[2025-09-09 11:54:40,798][hydra.utils][INFO] - Miglioramento trovato, modello salvato in memoria
[2025-09-09 11:55:00,009][hydra.utils][INFO] - 
Epoch 6/20, Loss: 0.5033, Accuracy: 0.8203.
Validation Metrics:
 {'Loss': 0.5769, 'Accuracy': 0.8274, 'Precision': 0.8237, 'Recall': 0.8237, 'F1 Score': 0.8188}
[2025-09-09 11:55:00,009][hydra.utils][INFO] - ⏸ Nessun miglioramento (1/4)
[2025-09-09 11:55:19,454][hydra.utils][INFO] - 
Epoch 7/20, Loss: 0.4725, Accuracy: 0.8331.
Validation Metrics:
 {'Loss': 0.5163, 'Accuracy': 0.8356, 'Precision': 0.8431, 'Recall': 0.8286, 'F1 Score': 0.8308}
[2025-09-09 11:55:19,454][hydra.utils][INFO] - Miglioramento trovato, modello salvato in memoria
[2025-09-09 11:55:38,750][hydra.utils][INFO] - 
Epoch 8/20, Loss: 0.4387, Accuracy: 0.8466.
Validation Metrics:
 {'Loss': 0.8291, 'Accuracy': 0.7837, 'Precision': 0.7992, 'Recall': 0.7779, 'F1 Score': 0.7709}
[2025-09-09 11:55:38,750][hydra.utils][INFO] - ⏸ Nessun miglioramento (1/4)
[2025-09-09 11:55:57,884][hydra.utils][INFO] - 
Epoch 9/20, Loss: 0.4385, Accuracy: 0.8461.
Validation Metrics:
 {'Loss': 0.6231, 'Accuracy': 0.8293, 'Precision': 0.8361, 'Recall': 0.8244, 'F1 Score': 0.8239}
[2025-09-09 11:55:57,884][hydra.utils][INFO] - ⏸ Nessun miglioramento (2/4)
[2025-09-09 11:56:17,243][hydra.utils][INFO] - 
Epoch 10/20, Loss: 0.4083, Accuracy: 0.8579.
Validation Metrics:
 {'Loss': 0.6516, 'Accuracy': 0.8133, 'Precision': 0.8202, 'Recall': 0.8165, 'F1 Score': 0.8084}
[2025-09-09 11:56:17,243][hydra.utils][INFO] - ⏸ Nessun miglioramento (3/4)
[2025-09-09 11:56:36,733][hydra.utils][INFO] - 
Epoch 11/20, Loss: 0.3874, Accuracy: 0.8661.
Validation Metrics:
 {'Loss': 0.5046, 'Accuracy': 0.8663, 'Precision': 0.8646, 'Recall': 0.8641, 'F1 Score': 0.8612}
[2025-09-09 11:56:36,733][hydra.utils][INFO] - Miglioramento trovato, modello salvato in memoria
[2025-09-09 11:56:55,905][hydra.utils][INFO] - 
Epoch 12/20, Loss: 0.3697, Accuracy: 0.8734.
Validation Metrics:
 {'Loss': 0.4811, 'Accuracy': 0.8648, 'Precision': 0.8686, 'Recall': 0.8607, 'F1 Score': 0.8616}
[2025-09-09 11:56:55,905][hydra.utils][INFO] - Miglioramento trovato, modello salvato in memoria
[2025-09-09 11:57:15,156][hydra.utils][INFO] - 
Epoch 13/20, Loss: 0.3677, Accuracy: 0.8759.
Validation Metrics:
 {'Loss': 0.3934, 'Accuracy': 0.8837, 'Precision': 0.8836, 'Recall': 0.8815, 'F1 Score': 0.8789}
[2025-09-09 11:57:15,156][hydra.utils][INFO] - Miglioramento trovato, modello salvato in memoria
[2025-09-09 11:57:34,551][hydra.utils][INFO] - 
Epoch 14/20, Loss: 0.3513, Accuracy: 0.8817.
Validation Metrics:
 {'Loss': 0.4097, 'Accuracy': 0.8719, 'Precision': 0.8708, 'Recall': 0.8684, 'F1 Score': 0.8666}
[2025-09-09 11:57:34,551][hydra.utils][INFO] - ⏸ Nessun miglioramento (1/4)
[2025-09-09 11:57:53,772][hydra.utils][INFO] - 
Epoch 15/20, Loss: 0.3415, Accuracy: 0.8851.
Validation Metrics:
 {'Loss': 0.3805, 'Accuracy': 0.8848, 'Precision': 0.8856, 'Recall': 0.8831, 'F1 Score': 0.8811}
[2025-09-09 11:57:53,772][hydra.utils][INFO] - Miglioramento trovato, modello salvato in memoria
[2025-09-09 11:58:13,095][hydra.utils][INFO] - 
Epoch 16/20, Loss: 0.3217, Accuracy: 0.8926.
Validation Metrics:
 {'Loss': 0.4238, 'Accuracy': 0.8841, 'Precision': 0.8837, 'Recall': 0.881, 'F1 Score': 0.8795}
[2025-09-09 11:58:13,095][hydra.utils][INFO] - ⏸ Nessun miglioramento (1/4)
[2025-09-09 11:58:32,299][hydra.utils][INFO] - 
Epoch 17/20, Loss: 0.3211, Accuracy: 0.8919.
Validation Metrics:
 {'Loss': 0.7297, 'Accuracy': 0.803, 'Precision': 0.8352, 'Recall': 0.8084, 'F1 Score': 0.794}
[2025-09-09 11:58:32,299][hydra.utils][INFO] - ⏸ Nessun miglioramento (2/4)
[2025-09-09 11:58:51,432][hydra.utils][INFO] - 
Epoch 18/20, Loss: 0.3160, Accuracy: 0.8959.
Validation Metrics:
 {'Loss': 0.344, 'Accuracy': 0.8974, 'Precision': 0.899, 'Recall': 0.8945, 'F1 Score': 0.8954}
[2025-09-09 11:58:51,432][hydra.utils][INFO] - Miglioramento trovato, modello salvato in memoria
[2025-09-09 11:59:10,608][hydra.utils][INFO] - 
Epoch 19/20, Loss: 0.2929, Accuracy: 0.9074.
Validation Metrics:
 {'Loss': 0.3435, 'Accuracy': 0.893, 'Precision': 0.8925, 'Recall': 0.8896, 'F1 Score': 0.8902}
[2025-09-09 11:59:10,608][hydra.utils][INFO] - Miglioramento trovato, modello salvato in memoria
[2025-09-09 11:59:29,725][hydra.utils][INFO] - 
Epoch 20/20, Loss: 0.2930, Accuracy: 0.9032.
Validation Metrics:
 {'Loss': 0.3454, 'Accuracy': 0.9007, 'Precision': 0.8987, 'Recall': 0.8983, 'F1 Score': 0.8978}
[2025-09-09 11:59:29,725][hydra.utils][INFO] - ⏸ Nessun miglioramento (1/4)
[2025-09-09 11:59:29,725][hydra.utils][INFO] - Modello ripristinato ai pesi migliori
[2025-09-09 11:59:30,543][hydra.utils][INFO] - 
StudentNetDepthwiseSkip - Test Metrics: {'Loss': 0.3473, 'Accuracy': 0.8926, 'Precision': 0.8888, 'Recall': 0.8886, 'F1 Score': 0.8881, 'Total Inference Time': 267.6991, 'Single Img Average Inference Time': 0.0991, 'Number of Parameters': 153285, 'Accuracy/Num Parameters': 5.823139902795446e-06, 'Accuracy/Inference Time': 9.0027, 'Confusion Matrix': array([[244,   2,   2,   8,   1,   9,   9,   0,   9,   3],
       [  0, 294,   0,   0,   0,   1,   0,   0,   1,   0],
       [  2,   3, 229,   4,   7,   7,  12,   6,   5,   0],
       [  2,   0,   5, 203,   4,   2,  12,   9,  23,   0],
       [  0,   0,   3,   1, 238,   0,   1,  11,   0,   0],
       [  0,   8,   3,   4,   0, 177,   4,   1,   7,   0],
       [  2,   0,  29,   5,   2,   1, 219,   0,   1,   0],
       [  0,   0,   0,   0,   2,   0,   0, 294,   0,   0],
       [  6,   4,   3,  18,   1,   6,   5,   0, 210,   1],
       [  4,   1,   0,   0,   0,   3,   0,   0,   5, 302]])}
[2025-09-09 11:59:30,653][hydra.utils][INFO] - StudentNetDepthwiseSkip - Predizione corretta: True=SeaLake, Pred=SeaLake - Layer: depthwise
[2025-09-09 11:59:30,737][hydra.utils][INFO] - StudentNetDepthwiseSkip - Predizione corretta: True=SeaLake, Pred=SeaLake - Layer: pointwise
[2025-09-09 11:59:30,817][hydra.utils][INFO] - StudentNetDepthwiseSkip - Predizione corretta: True=SeaLake, Pred=SeaLake - Layer: conv2
[2025-09-09 11:59:30,903][hydra.utils][INFO] - StudentNetDepthwiseSkip - Predizione sbagliata: True=AnnualCrop, Pred=SeaLake - Layer: depthwise
[2025-09-09 11:59:30,990][hydra.utils][INFO] - StudentNetDepthwiseSkip - Predizione sbagliata: True=AnnualCrop, Pred=SeaLake - Layer: pointwise
[2025-09-09 11:59:31,079][hydra.utils][INFO] - StudentNetDepthwiseSkip - Predizione sbagliata: True=AnnualCrop, Pred=SeaLake - Layer: conv2
[2025-09-09 11:59:31,081][hydra.utils][INFO] - StudentNetDepthwiseSkip model weights saved
[2025-09-09 11:59:31,081][hydra.utils][INFO] - 
=== Training StudentNetLight with Teacher EfficientNet-B4 ===
[2025-09-09 11:59:47,039][hydra.utils][INFO] - 
Epoch 1/20, Loss: 1.2112, Accuracy: 0.5238.
Validation Metrics:
 {'Loss': 0.8243, 'Accuracy': 0.7019, 'Precision': 0.7046, 'Recall': 0.6939, 'F1 Score': 0.6947}
[2025-09-09 11:59:47,039][hydra.utils][INFO] - Miglioramento trovato, modello salvato in memoria
[2025-09-09 12:00:02,912][hydra.utils][INFO] - 
Epoch 2/20, Loss: 0.8318, Accuracy: 0.6893.
Validation Metrics:
 {'Loss': 0.7233, 'Accuracy': 0.7574, 'Precision': 0.7738, 'Recall': 0.7547, 'F1 Score': 0.748}
[2025-09-09 12:00:02,912][hydra.utils][INFO] - Miglioramento trovato, modello salvato in memoria
[2025-09-09 12:00:18,836][hydra.utils][INFO] - 
Epoch 3/20, Loss: 0.6951, Accuracy: 0.7441.
Validation Metrics:
 {'Loss': 0.6664, 'Accuracy': 0.7804, 'Precision': 0.7816, 'Recall': 0.7743, 'F1 Score': 0.7728}
[2025-09-09 12:00:18,837][hydra.utils][INFO] - Miglioramento trovato, modello salvato in memoria
[2025-09-09 12:00:34,643][hydra.utils][INFO] - 
Epoch 4/20, Loss: 0.5572, Accuracy: 0.8010.
Validation Metrics:
 {'Loss': 0.7903, 'Accuracy': 0.7896, 'Precision': 0.7959, 'Recall': 0.7823, 'F1 Score': 0.7821}
[2025-09-09 12:00:34,643][hydra.utils][INFO] - ⏸ Nessun miglioramento (1/4)
[2025-09-09 12:00:50,636][hydra.utils][INFO] - 
Epoch 5/20, Loss: 0.4516, Accuracy: 0.8464.
Validation Metrics:
 {'Loss': 0.6505, 'Accuracy': 0.8215, 'Precision': 0.8171, 'Recall': 0.8166, 'F1 Score': 0.8154}
[2025-09-09 12:00:50,637][hydra.utils][INFO] - Miglioramento trovato, modello salvato in memoria
[2025-09-09 12:01:06,368][hydra.utils][INFO] - 
Epoch 6/20, Loss: 0.3813, Accuracy: 0.8780.
Validation Metrics:
 {'Loss': 0.8307, 'Accuracy': 0.8119, 'Precision': 0.8089, 'Recall': 0.8106, 'F1 Score': 0.8049}
[2025-09-09 12:01:06,368][hydra.utils][INFO] - ⏸ Nessun miglioramento (1/4)
[2025-09-09 12:01:22,173][hydra.utils][INFO] - 
Epoch 7/20, Loss: 0.3766, Accuracy: 0.8795.
Validation Metrics:
 {'Loss': 0.7624, 'Accuracy': 0.8041, 'Precision': 0.8028, 'Recall': 0.7964, 'F1 Score': 0.7948}
[2025-09-09 12:01:22,173][hydra.utils][INFO] - ⏸ Nessun miglioramento (2/4)
[2025-09-09 12:01:37,839][hydra.utils][INFO] - 
Epoch 8/20, Loss: 0.2862, Accuracy: 0.9169.
Validation Metrics:
 {'Loss': 0.7253, 'Accuracy': 0.8267, 'Precision': 0.8229, 'Recall': 0.8233, 'F1 Score': 0.8205}
[2025-09-09 12:01:37,839][hydra.utils][INFO] - ⏸ Nessun miglioramento (3/4)
[2025-09-09 12:01:53,464][hydra.utils][INFO] - 
Epoch 9/20, Loss: 0.2410, Accuracy: 0.9366.
Validation Metrics:
 {'Loss': 0.7821, 'Accuracy': 0.8211, 'Precision': 0.8147, 'Recall': 0.8155, 'F1 Score': 0.8126}
[2025-09-09 12:01:53,464][hydra.utils][INFO] - ⏸ Nessun miglioramento (4/4)
[2025-09-09 12:01:53,464][hydra.utils][INFO] - Early stopping attivato
[2025-09-09 12:01:53,465][hydra.utils][INFO] - Modello ripristinato ai pesi migliori
[2025-09-09 12:01:54,101][hydra.utils][INFO] - 
StudentNetLight - Test Metrics: {'Loss': 0.7471, 'Accuracy': 0.8093, 'Precision': 0.8031, 'Recall': 0.8026, 'F1 Score': 0.7995, 'Total Inference Time': 84.4588, 'Single Img Average Inference Time': 0.0313, 'Number of Parameters': 8394410, 'Accuracy/Num Parameters': 9.640939625298264e-08, 'Accuracy/Inference Time': 25.8719, 'Confusion Matrix': array([[251,   5,   2,   1,   0,   9,   5,   0,  11,   3],
       [  0, 281,   3,   0,   0,  11,   0,   0,   1,   0],
       [ 12,   9, 167,   4,   9,  10,  38,   7,  19,   0],
       [ 13,   1,   6, 162,   3,   6,  26,   9,  34,   0],
       [  0,   0,   2,   7, 227,   0,   4,  13,   1,   0],
       [  2,  11,   6,   2,   0, 165,   3,   1,  12,   2],
       [ 33,   0,  21,  15,   1,  14, 161,   3,  11,   0],
       [  0,   0,   0,   3,   6,   0,   0, 287,   0,   0],
       [ 21,   2,   2,  20,   0,  17,   4,   0, 186,   2],
       [  4,   3,   0,   0,   0,   2,   0,   0,   8, 298]])}
[2025-09-09 12:01:54,207][hydra.utils][INFO] - StudentNetLight - Predizione corretta: True=SeaLake, Pred=SeaLake - Layer: conv1
[2025-09-09 12:01:54,292][hydra.utils][INFO] - StudentNetLight - Predizione corretta: True=SeaLake, Pred=SeaLake - Layer: conv2
[2025-09-09 12:01:54,379][hydra.utils][INFO] - StudentNetLight - Predizione sbagliata: True=PermanentCrop, Pred=AnnualCrop - Layer: conv1
[2025-09-09 12:01:54,467][hydra.utils][INFO] - StudentNetLight - Predizione sbagliata: True=PermanentCrop, Pred=AnnualCrop - Layer: conv2
[2025-09-09 12:01:54,498][hydra.utils][INFO] - StudentNetLight model weights saved
[2025-09-09 12:01:54,498][hydra.utils][INFO] - 
Best Student: StudentResNet with Accuracy: 0.9296
[2025-09-09 12:01:54,498][hydra.utils][INFO] - 
Worst Student: SimpleNet with Accuracy: 0.7981
[2025-09-09 12:01:54,504][hydra.utils][INFO] - 
=== Grad-CAM Comparison between Best (StudentResNet) and Worst (SimpleNet) Students ===
[2025-09-09 12:01:54,645][hydra.utils][INFO] - Confronto Grad-CAM: True=Highway, StudentResNet Pred=Highway, SimpleNet Pred=River
[2025-09-09 12:01:54,645][hydra.utils][INFO] - 
=== Final Results ===
[2025-09-09 12:01:54,645][hydra.utils][INFO] - 
Teacher: {'Loss': 0.1153, 'Accuracy': 0.9696, 'Precision': 0.969, 'Recall': 0.9688, 'F1 Score': 0.9686}

[2025-09-09 12:01:54,646][hydra.utils][INFO] - 
SimpleNet: {'Loss': 0.8777, 'Accuracy': 0.7981, 'Precision': 0.7915, 'Recall': 0.7884, 'F1 Score': 0.7889, 'Total Inference Time': 75.2285, 'Single Img Average Inference Time': 0.0279, 'Number of Parameters': 1315818, 'Accuracy/Num Parameters': 6.065428501510088e-07, 'Accuracy/Inference Time': 28.6443, 'Confusion Matrix': array([[238,   5,   3,   3,   1,   9,   9,   0,  12,   7],
       [  0, 287,   2,   0,   0,   6,   0,   0,   1,   0],
       [  8,   4, 192,   5,   6,   9,  24,   8,  18,   1],
       [  8,   0,  17, 161,   3,   5,  17,   3,  46,   0],
       [  0,   0,   3,   7, 212,   0,   8,  16,   8,   0],
       [  2,   9,  16,   4,   0, 147,   3,   0,  19,   4],
       [ 13,   0,  51,  13,   3,   6, 166,   0,   7,   0],
       [  0,   0,   9,   4,   4,   1,   0, 277,   1,   0],
       [ 13,   2,   6,  34,   1,  18,   6,   1, 167,   6],
       [  2,   2,   0,   0,   0,   1,   0,   0,   2, 308]])}
[2025-09-09 12:01:54,806][hydra.utils][INFO] - 
StudentResNet: {'Loss': 0.2581, 'Accuracy': 0.9296, 'Precision': 0.933, 'Recall': 0.9306, 'F1 Score': 0.9272, 'Total Inference Time': 380.2458, 'Single Img Average Inference Time': 0.1408, 'Number of Parameters': 168746, 'Accuracy/Num Parameters': 5.508871321394285e-06, 'Accuracy/Inference Time': 6.6008, 'Confusion Matrix': array([[273,   0,   0,   4,   0,   4,   1,   0,   4,   1],
       [  0, 232,   4,   0,   0,  57,   0,   0,   0,   3],
       [  2,   0, 265,   0,   1,   4,   1,   2,   0,   0],
       [  0,   0,   0, 249,   0,   3,   1,   3,   4,   0],
       [  0,   0,   3,   6, 240,   0,   1,   3,   1,   0],
       [  1,   0,   0,   0,   0, 203,   0,   0,   0,   0],
       [  6,   0,  16,   1,   0,   6, 229,   1,   0,   0],
       [  0,   0,   1,   0,   0,   0,   0, 295,   0,   0],
       [ 11,   0,   5,   9,   1,   8,   1,   0, 217,   2],
       [  2,   0,   0,   0,   0,   5,   0,   0,   1, 307]])}
[2025-09-09 12:01:54,965][hydra.utils][INFO] - 
StudentNetSeparable: {'Loss': 0.4626, 'Accuracy': 0.8622, 'Precision': 0.8706, 'Recall': 0.8564, 'F1 Score': 0.8572, 'Total Inference Time': 209.707, 'Single Img Average Inference Time': 0.0777, 'Number of Parameters': 151237, 'Accuracy/Num Parameters': 5.700985869859889e-06, 'Accuracy/Inference Time': 11.1009, 'Confusion Matrix': array([[252,   3,   0,   3,   0,   6,  19,   0,   3,   1],
       [  0, 295,   1,   0,   0,   0,   0,   0,   0,   0],
       [  4,   4, 190,   4,   3,   6,  53,   9,   2,   0],
       [  7,   0,   2, 192,   4,   3,  31,  12,   9,   0],
       [  0,   0,   0,   5, 215,   0,   8,  26,   0,   0],
       [  2,   5,  11,   1,   0, 170,  10,   0,   5,   0],
       [  3,   0,   8,   0,   0,   1, 245,   1,   1,   0],
       [  0,   0,   0,   0,   2,   0,   0, 294,   0,   0],
       [  9,   7,   8,  29,   1,   6,  17,   1, 175,   1],
       [  6,   2,   1,   0,   0,   3,   0,   0,   3, 300]])}
[2025-09-09 12:01:55,115][hydra.utils][INFO] - 
StudentNetDepthwiseSkip: {'Loss': 0.3473, 'Accuracy': 0.8926, 'Precision': 0.8888, 'Recall': 0.8886, 'F1 Score': 0.8881, 'Total Inference Time': 267.6991, 'Single Img Average Inference Time': 0.0991, 'Number of Parameters': 153285, 'Accuracy/Num Parameters': 5.823139902795446e-06, 'Accuracy/Inference Time': 9.0027, 'Confusion Matrix': array([[244,   2,   2,   8,   1,   9,   9,   0,   9,   3],
       [  0, 294,   0,   0,   0,   1,   0,   0,   1,   0],
       [  2,   3, 229,   4,   7,   7,  12,   6,   5,   0],
       [  2,   0,   5, 203,   4,   2,  12,   9,  23,   0],
       [  0,   0,   3,   1, 238,   0,   1,  11,   0,   0],
       [  0,   8,   3,   4,   0, 177,   4,   1,   7,   0],
       [  2,   0,  29,   5,   2,   1, 219,   0,   1,   0],
       [  0,   0,   0,   0,   2,   0,   0, 294,   0,   0],
       [  6,   4,   3,  18,   1,   6,   5,   0, 210,   1],
       [  4,   1,   0,   0,   0,   3,   0,   0,   5, 302]])}
[2025-09-09 12:01:55,265][hydra.utils][INFO] - 
StudentNetLight: {'Loss': 0.7471, 'Accuracy': 0.8093, 'Precision': 0.8031, 'Recall': 0.8026, 'F1 Score': 0.7995, 'Total Inference Time': 84.4588, 'Single Img Average Inference Time': 0.0313, 'Number of Parameters': 8394410, 'Accuracy/Num Parameters': 9.640939625298264e-08, 'Accuracy/Inference Time': 25.8719, 'Confusion Matrix': array([[251,   5,   2,   1,   0,   9,   5,   0,  11,   3],
       [  0, 281,   3,   0,   0,  11,   0,   0,   1,   0],
       [ 12,   9, 167,   4,   9,  10,  38,   7,  19,   0],
       [ 13,   1,   6, 162,   3,   6,  26,   9,  34,   0],
       [  0,   0,   2,   7, 227,   0,   4,  13,   1,   0],
       [  2,  11,   6,   2,   0, 165,   3,   1,  12,   2],
       [ 33,   0,  21,  15,   1,  14, 161,   3,  11,   0],
       [  0,   0,   0,   3,   6,   0,   0, 287,   0,   0],
       [ 21,   2,   2,  20,   0,  17,   4,   0, 186,   2],
       [  4,   3,   0,   0,   0,   2,   0,   0,   8, 298]])}
[2025-09-09 12:01:55,502][hydra.utils][INFO] - All models trained and evaluated successfully.
