[2025-09-09 12:53:10,664][hydra.utils][INFO] - 
=== Configurations ===
t_epochs: 5
s_epochs: 20
data_dir: ./data
batch_size: 64
num_classes: 10
alpha: 0.7
temperature: 3.0
seed: 47

[2025-09-09 12:53:10,664][hydra.utils][INFO] - 
learning rate: 0.002

[2025-09-09 12:53:10,706][hydra.utils][INFO] - 
device: cuda

[2025-09-09 12:53:11,055][hydra.utils][INFO] - 
=== Training Teacher EfficientNet-B4 ===
[2025-09-09 12:53:44,367][hydra.utils][INFO] - 
Epoch 1/5, Loss: 0.4556, Accuracy: 0.8568
[2025-09-09 12:54:17,473][hydra.utils][INFO] - 
Epoch 2/5, Loss: 0.1621, Accuracy: 0.9502
[2025-09-09 12:54:50,536][hydra.utils][INFO] - 
Epoch 3/5, Loss: 0.1052, Accuracy: 0.9676
[2025-09-09 12:55:23,633][hydra.utils][INFO] - 
Epoch 4/5, Loss: 0.0917, Accuracy: 0.9721
[2025-09-09 12:55:56,797][hydra.utils][INFO] - 
Epoch 5/5, Loss: 0.0773, Accuracy: 0.9766
[2025-09-09 12:55:58,237][hydra.utils][INFO] - 
TEACHER - Test Metrics: {'Loss': 0.1037, 'Accuracy': 0.9685, 'Precision': 0.9677, 'Recall': 0.9689, 'F1 Score': 0.9679}
[2025-09-09 12:55:58,237][hydra.utils][INFO] - 
=== Training SimpleNet with Teacher EfficientNet-B4 ===
[2025-09-09 12:56:12,222][hydra.utils][INFO] - 
Epoch 1/20, Loss: 1.2324, Accuracy: 0.5435.
Validation Metrics:
 {'Loss': 1.1263, 'Accuracy': 0.6644, 'Precision': 0.7154, 'Recall': 0.6507, 'F1 Score': 0.6464}
[2025-09-09 12:56:12,222][hydra.utils][INFO] - Miglioramento trovato, modello salvato in memoria
[2025-09-09 12:56:26,189][hydra.utils][INFO] - 
Epoch 2/20, Loss: 0.6907, Accuracy: 0.7621.
Validation Metrics:
 {'Loss': 0.7969, 'Accuracy': 0.7581, 'Precision': 0.7433, 'Recall': 0.7433, 'F1 Score': 0.7395}
[2025-09-09 12:56:26,189][hydra.utils][INFO] - Miglioramento trovato, modello salvato in memoria
[2025-09-09 12:56:40,162][hydra.utils][INFO] - 
Epoch 3/20, Loss: 0.4677, Accuracy: 0.8584.
Validation Metrics:
 {'Loss': 0.8649, 'Accuracy': 0.7785, 'Precision': 0.7717, 'Recall': 0.7744, 'F1 Score': 0.7677}
[2025-09-09 12:56:40,163][hydra.utils][INFO] - ⏸ Nessun miglioramento (1/4)
[2025-09-09 12:56:54,181][hydra.utils][INFO] - 
Epoch 4/20, Loss: 0.3471, Accuracy: 0.9119.
Validation Metrics:
 {'Loss': 1.0089, 'Accuracy': 0.7611, 'Precision': 0.7521, 'Recall': 0.7563, 'F1 Score': 0.7479}
[2025-09-09 12:56:54,181][hydra.utils][INFO] - ⏸ Nessun miglioramento (2/4)
[2025-09-09 12:57:08,201][hydra.utils][INFO] - 
Epoch 5/20, Loss: 0.2609, Accuracy: 0.9469.
Validation Metrics:
 {'Loss': 1.0245, 'Accuracy': 0.7756, 'Precision': 0.769, 'Recall': 0.7672, 'F1 Score': 0.7646}
[2025-09-09 12:57:08,201][hydra.utils][INFO] - ⏸ Nessun miglioramento (3/4)
[2025-09-09 12:57:22,256][hydra.utils][INFO] - 
Epoch 6/20, Loss: 0.2190, Accuracy: 0.9638.
Validation Metrics:
 {'Loss': 1.1753, 'Accuracy': 0.7652, 'Precision': 0.7567, 'Recall': 0.7583, 'F1 Score': 0.7516}
[2025-09-09 12:57:22,256][hydra.utils][INFO] - ⏸ Nessun miglioramento (4/4)
[2025-09-09 12:57:22,257][hydra.utils][INFO] - Early stopping attivato
[2025-09-09 12:57:22,257][hydra.utils][INFO] - Modello ripristinato ai pesi migliori
[2025-09-09 12:57:22,836][hydra.utils][INFO] - 
SimpleNet - Test Metrics: {'Loss': 1.094, 'Accuracy': 0.7589, 'Precision': 0.7515, 'Recall': 0.754, 'F1 Score': 0.7481, 'Total Inference Time': 75.2348, 'Single Img Avg Inference Time': 0.0279, 'Number of Parameters': 1315818, 'Accuracy/Num Parameters': 5.767514960275661e-07, 'Accuracy/Avg Inference Time': 27.2351, 'Confusion Matrix': array([[253,   2,   2,   3,   0,  11,  16,   0,   5,  11],
       [  0, 275,   2,   0,   0,  14,   0,   0,   2,  14],
       [  9,  15, 164,   9,   6,   8,  75,   9,   8,   1],
       [ 17,   1,   3, 141,  12,   9,  18,   3,  51,   0],
       [  1,   0,   2,   9, 239,   0,   6,   3,   2,   1],
       [  6,   9,  11,   0,   0, 145,   6,   0,   9,   3],
       [ 18,   2,  20,  18,   3,  10, 162,   2,   9,   0],
       [  0,   0,   3,  11,  18,   1,  10, 245,   5,   0],
       [ 15,   9,   4,  30,   3,  30,  11,   0, 142,   9],
       [  2,   1,   0,   0,   0,   0,   1,   0,   2, 283]])}
[2025-09-09 12:57:23,064][hydra.utils][INFO] - SimpleNet - Predizione corretta: True=HerbaceousVegetation, Pred=HerbaceousVegetation - Layer: conv1
[2025-09-09 12:57:23,144][hydra.utils][INFO] - SimpleNet - Predizione corretta: True=HerbaceousVegetation, Pred=HerbaceousVegetation - Layer: conv2
[2025-09-09 12:57:23,221][hydra.utils][INFO] - SimpleNet - Predizione sbagliata: True=Residential, Pred=Highway - Layer: conv1
[2025-09-09 12:57:23,300][hydra.utils][INFO] - SimpleNet - Predizione sbagliata: True=Residential, Pred=Highway - Layer: conv2
[2025-09-09 12:57:23,304][hydra.utils][INFO] - SimpleNet model weights saved
[2025-09-09 12:57:23,304][hydra.utils][INFO] - 
=== Training StudentResNet with Teacher EfficientNet-B4 ===
[2025-09-09 12:57:45,977][hydra.utils][INFO] - 
Epoch 1/20, Loss: 0.8418, Accuracy: 0.7035.
Validation Metrics:
 {'Loss': 2.0021, 'Accuracy': 0.6356, 'Precision': 0.692, 'Recall': 0.619, 'F1 Score': 0.5893}
[2025-09-09 12:57:45,977][hydra.utils][INFO] - Miglioramento trovato, modello salvato in memoria
[2025-09-09 12:58:08,666][hydra.utils][INFO] - 
Epoch 2/20, Loss: 0.5452, Accuracy: 0.8101.
Validation Metrics:
 {'Loss': 4.3238, 'Accuracy': 0.5759, 'Precision': 0.7629, 'Recall': 0.5654, 'F1 Score': 0.5603}
[2025-09-09 12:58:08,667][hydra.utils][INFO] - ⏸ Nessun miglioramento (1/4)
[2025-09-09 12:58:31,402][hydra.utils][INFO] - 
Epoch 3/20, Loss: 0.4345, Accuracy: 0.8544.
Validation Metrics:
 {'Loss': 0.6521, 'Accuracy': 0.8156, 'Precision': 0.825, 'Recall': 0.8118, 'F1 Score': 0.8044}
[2025-09-09 12:58:31,402][hydra.utils][INFO] - Miglioramento trovato, modello salvato in memoria
[2025-09-09 12:58:54,175][hydra.utils][INFO] - 
Epoch 4/20, Loss: 0.3589, Accuracy: 0.8814.
Validation Metrics:
 {'Loss': 0.4862, 'Accuracy': 0.867, 'Precision': 0.872, 'Recall': 0.8557, 'F1 Score': 0.857}
[2025-09-09 12:58:54,175][hydra.utils][INFO] - Miglioramento trovato, modello salvato in memoria
[2025-09-09 12:59:16,997][hydra.utils][INFO] - 
Epoch 5/20, Loss: 0.3041, Accuracy: 0.9009.
Validation Metrics:
 {'Loss': 2.5672, 'Accuracy': 0.6974, 'Precision': 0.8147, 'Recall': 0.7015, 'F1 Score': 0.6907}
[2025-09-09 12:59:16,997][hydra.utils][INFO] - ⏸ Nessun miglioramento (1/4)
[2025-09-09 12:59:39,729][hydra.utils][INFO] - 
Epoch 6/20, Loss: 0.2887, Accuracy: 0.9074.
Validation Metrics:
 {'Loss': 0.46, 'Accuracy': 0.8711, 'Precision': 0.8938, 'Recall': 0.8665, 'F1 Score': 0.8691}
[2025-09-09 12:59:39,729][hydra.utils][INFO] - Miglioramento trovato, modello salvato in memoria
[2025-09-09 13:00:02,450][hydra.utils][INFO] - 
Epoch 7/20, Loss: 0.2538, Accuracy: 0.9191.
Validation Metrics:
 {'Loss': 0.3926, 'Accuracy': 0.883, 'Precision': 0.8869, 'Recall': 0.8824, 'F1 Score': 0.8753}
[2025-09-09 13:00:02,450][hydra.utils][INFO] - Miglioramento trovato, modello salvato in memoria
[2025-09-09 13:00:25,187][hydra.utils][INFO] - 
Epoch 8/20, Loss: 0.2269, Accuracy: 0.9316.
Validation Metrics:
 {'Loss': 0.2727, 'Accuracy': 0.9226, 'Precision': 0.9205, 'Recall': 0.9233, 'F1 Score': 0.9191}
[2025-09-09 13:00:25,187][hydra.utils][INFO] - Miglioramento trovato, modello salvato in memoria
[2025-09-09 13:00:47,952][hydra.utils][INFO] - 
Epoch 9/20, Loss: 0.2071, Accuracy: 0.9365.
Validation Metrics:
 {'Loss': 0.2141, 'Accuracy': 0.947, 'Precision': 0.9458, 'Recall': 0.9462, 'F1 Score': 0.9454}
[2025-09-09 13:00:47,952][hydra.utils][INFO] - Miglioramento trovato, modello salvato in memoria
[2025-09-09 13:01:10,750][hydra.utils][INFO] - 
Epoch 10/20, Loss: 0.2001, Accuracy: 0.9382.
Validation Metrics:
 {'Loss': 0.3313, 'Accuracy': 0.9189, 'Precision': 0.9238, 'Recall': 0.9148, 'F1 Score': 0.9154}
[2025-09-09 13:01:10,750][hydra.utils][INFO] - ⏸ Nessun miglioramento (1/4)
[2025-09-09 13:01:33,535][hydra.utils][INFO] - 
Epoch 11/20, Loss: 0.1871, Accuracy: 0.9433.
Validation Metrics:
 {'Loss': 0.2194, 'Accuracy': 0.937, 'Precision': 0.9369, 'Recall': 0.9351, 'F1 Score': 0.9352}
[2025-09-09 13:01:33,535][hydra.utils][INFO] - ⏸ Nessun miglioramento (2/4)
[2025-09-09 13:01:56,299][hydra.utils][INFO] - 
Epoch 12/20, Loss: 0.1725, Accuracy: 0.9492.
Validation Metrics:
 {'Loss': 0.2739, 'Accuracy': 0.923, 'Precision': 0.9228, 'Recall': 0.9209, 'F1 Score': 0.9196}
[2025-09-09 13:01:56,299][hydra.utils][INFO] - ⏸ Nessun miglioramento (3/4)
[2025-09-09 13:02:19,060][hydra.utils][INFO] - 
Epoch 13/20, Loss: 0.1722, Accuracy: 0.9487.
Validation Metrics:
 {'Loss': 0.177, 'Accuracy': 0.9415, 'Precision': 0.9421, 'Recall': 0.9392, 'F1 Score': 0.9396}
[2025-09-09 13:02:19,060][hydra.utils][INFO] - Miglioramento trovato, modello salvato in memoria
[2025-09-09 13:02:41,846][hydra.utils][INFO] - 
Epoch 14/20, Loss: 0.1597, Accuracy: 0.9558.
Validation Metrics:
 {'Loss': 0.2465, 'Accuracy': 0.9289, 'Precision': 0.93, 'Recall': 0.9287, 'F1 Score': 0.927}
[2025-09-09 13:02:41,846][hydra.utils][INFO] - ⏸ Nessun miglioramento (1/4)
[2025-09-09 13:03:04,692][hydra.utils][INFO] - 
Epoch 15/20, Loss: 0.1492, Accuracy: 0.9583.
Validation Metrics:
 {'Loss': 0.2239, 'Accuracy': 0.9411, 'Precision': 0.9443, 'Recall': 0.938, 'F1 Score': 0.9395}
[2025-09-09 13:03:04,692][hydra.utils][INFO] - ⏸ Nessun miglioramento (2/4)
[2025-09-09 13:03:27,471][hydra.utils][INFO] - 
Epoch 16/20, Loss: 0.1455, Accuracy: 0.9598.
Validation Metrics:
 {'Loss': 0.2343, 'Accuracy': 0.9322, 'Precision': 0.931, 'Recall': 0.9312, 'F1 Score': 0.9276}
[2025-09-09 13:03:27,471][hydra.utils][INFO] - ⏸ Nessun miglioramento (3/4)
[2025-09-09 13:03:50,310][hydra.utils][INFO] - 
Epoch 17/20, Loss: 0.1420, Accuracy: 0.9603.
Validation Metrics:
 {'Loss': 0.2379, 'Accuracy': 0.9319, 'Precision': 0.9342, 'Recall': 0.9285, 'F1 Score': 0.9288}
[2025-09-09 13:03:50,311][hydra.utils][INFO] - ⏸ Nessun miglioramento (4/4)
[2025-09-09 13:03:50,311][hydra.utils][INFO] - Early stopping attivato
[2025-09-09 13:03:50,311][hydra.utils][INFO] - Modello ripristinato ai pesi migliori
[2025-09-09 13:03:51,226][hydra.utils][INFO] - 
StudentResNet - Test Metrics: {'Loss': 0.1973, 'Accuracy': 0.9404, 'Precision': 0.943, 'Recall': 0.9383, 'F1 Score': 0.9389, 'Total Inference Time': 380.2431, 'Single Img Avg Inference Time': 0.1408, 'Number of Parameters': 168746, 'Accuracy/Num Parameters': 5.572872838467282e-06, 'Accuracy/Avg Inference Time': 6.6775, 'Confusion Matrix': array([[283,   1,   1,   0,   0,   5,   9,   0,   1,   3],
       [  0, 298,   9,   0,   0,   0,   0,   0,   0,   0],
       [  2,   0, 292,   0,   1,   1,   6,   1,   0,   1],
       [  0,   0,   2, 243,   3,   1,   5,   1,   0,   0],
       [  0,   0,   3,   0, 258,   0,   1,   0,   1,   0],
       [  0,   0,   7,   0,   0, 180,   2,   0,   0,   0],
       [  8,   1,  15,   0,   0,   0, 220,   0,   0,   0],
       [  0,   0,   0,   0,   1,   0,   0, 292,   0,   0],
       [  8,   4,  17,   6,   4,   6,  10,   0, 197,   1],
       [  0,   4,   5,   0,   0,   4,   0,   0,   0, 276]])}
[2025-09-09 13:03:51,343][hydra.utils][INFO] - StudentResNet - Predizione corretta: True=Residential, Pred=Residential - Layer: conv1
[2025-09-09 13:03:51,427][hydra.utils][INFO] - StudentResNet - Predizione corretta: True=Residential, Pred=Residential - Layer: conv2
[2025-09-09 13:03:51,507][hydra.utils][INFO] - StudentResNet - Predizione corretta: True=Residential, Pred=Residential - Layer: residual_block
[2025-09-09 13:03:51,587][hydra.utils][INFO] - StudentResNet - Predizione corretta: True=Residential, Pred=Residential - Layer: conv3
[2025-09-09 13:03:51,667][hydra.utils][INFO] - StudentResNet - Predizione sbagliata: True=PermanentCrop, Pred=HerbaceousVegetation - Layer: conv1
[2025-09-09 13:03:51,837][hydra.utils][INFO] - StudentResNet - Predizione sbagliata: True=PermanentCrop, Pred=HerbaceousVegetation - Layer: conv2
[2025-09-09 13:03:51,918][hydra.utils][INFO] - StudentResNet - Predizione sbagliata: True=PermanentCrop, Pred=HerbaceousVegetation - Layer: residual_block
[2025-09-09 13:03:51,999][hydra.utils][INFO] - StudentResNet - Predizione sbagliata: True=PermanentCrop, Pred=HerbaceousVegetation - Layer: conv3
[2025-09-09 13:03:52,001][hydra.utils][INFO] - StudentResNet model weights saved
[2025-09-09 13:03:52,001][hydra.utils][INFO] - 
=== Training StudentNetSeparable with Teacher EfficientNet-B4 ===
[2025-09-09 13:04:09,779][hydra.utils][INFO] - 
Epoch 1/20, Loss: 0.9821, Accuracy: 0.6350.
Validation Metrics:
 {'Loss': 0.8, 'Accuracy': 0.7459, 'Precision': 0.7644, 'Recall': 0.7431, 'F1 Score': 0.7344}
[2025-09-09 13:04:09,780][hydra.utils][INFO] - Miglioramento trovato, modello salvato in memoria
[2025-09-09 13:04:27,601][hydra.utils][INFO] - 
Epoch 2/20, Loss: 0.7081, Accuracy: 0.7454.
Validation Metrics:
 {'Loss': 0.7276, 'Accuracy': 0.7652, 'Precision': 0.7704, 'Recall': 0.7488, 'F1 Score': 0.7484}
[2025-09-09 13:04:27,601][hydra.utils][INFO] - Miglioramento trovato, modello salvato in memoria
[2025-09-09 13:04:45,487][hydra.utils][INFO] - 
Epoch 3/20, Loss: 0.6182, Accuracy: 0.7838.
Validation Metrics:
 {'Loss': 0.5565, 'Accuracy': 0.8333, 'Precision': 0.8298, 'Recall': 0.8254, 'F1 Score': 0.8171}
[2025-09-09 13:04:45,487][hydra.utils][INFO] - Miglioramento trovato, modello salvato in memoria
[2025-09-09 13:05:03,281][hydra.utils][INFO] - 
Epoch 4/20, Loss: 0.5594, Accuracy: 0.8063.
Validation Metrics:
 {'Loss': 0.6274, 'Accuracy': 0.8219, 'Precision': 0.821, 'Recall': 0.818, 'F1 Score': 0.813}
[2025-09-09 13:05:03,281][hydra.utils][INFO] - ⏸ Nessun miglioramento (1/4)
[2025-09-09 13:05:21,054][hydra.utils][INFO] - 
Epoch 5/20, Loss: 0.5261, Accuracy: 0.8189.
Validation Metrics:
 {'Loss': 0.5662, 'Accuracy': 0.8344, 'Precision': 0.8388, 'Recall': 0.8281, 'F1 Score': 0.823}
[2025-09-09 13:05:21,054][hydra.utils][INFO] - ⏸ Nessun miglioramento (2/4)
[2025-09-09 13:05:38,842][hydra.utils][INFO] - 
Epoch 6/20, Loss: 0.5084, Accuracy: 0.8213.
Validation Metrics:
 {'Loss': 0.6004, 'Accuracy': 0.8289, 'Precision': 0.8383, 'Recall': 0.8166, 'F1 Score': 0.8159}
[2025-09-09 13:05:38,842][hydra.utils][INFO] - ⏸ Nessun miglioramento (3/4)
[2025-09-09 13:05:56,697][hydra.utils][INFO] - 
Epoch 7/20, Loss: 0.4912, Accuracy: 0.8327.
Validation Metrics:
 {'Loss': 0.5217, 'Accuracy': 0.8459, 'Precision': 0.84, 'Recall': 0.8399, 'F1 Score': 0.8364}
[2025-09-09 13:05:56,698][hydra.utils][INFO] - Miglioramento trovato, modello salvato in memoria
[2025-09-09 13:06:14,490][hydra.utils][INFO] - 
Epoch 8/20, Loss: 0.4670, Accuracy: 0.8429.
Validation Metrics:
 {'Loss': 0.525, 'Accuracy': 0.8515, 'Precision': 0.8482, 'Recall': 0.8407, 'F1 Score': 0.8408}
[2025-09-09 13:06:14,490][hydra.utils][INFO] - ⏸ Nessun miglioramento (1/4)
[2025-09-09 13:06:32,338][hydra.utils][INFO] - 
Epoch 9/20, Loss: 0.4626, Accuracy: 0.8444.
Validation Metrics:
 {'Loss': 0.5401, 'Accuracy': 0.85, 'Precision': 0.8571, 'Recall': 0.8404, 'F1 Score': 0.8429}
[2025-09-09 13:06:32,338][hydra.utils][INFO] - ⏸ Nessun miglioramento (2/4)
[2025-09-09 13:06:50,185][hydra.utils][INFO] - 
Epoch 10/20, Loss: 0.4393, Accuracy: 0.8540.
Validation Metrics:
 {'Loss': 0.4627, 'Accuracy': 0.87, 'Precision': 0.8709, 'Recall': 0.8636, 'F1 Score': 0.8625}
[2025-09-09 13:06:50,185][hydra.utils][INFO] - Miglioramento trovato, modello salvato in memoria
[2025-09-09 13:07:08,052][hydra.utils][INFO] - 
Epoch 11/20, Loss: 0.4337, Accuracy: 0.8574.
Validation Metrics:
 {'Loss': 0.4492, 'Accuracy': 0.8756, 'Precision': 0.8768, 'Recall': 0.8676, 'F1 Score': 0.8677}
[2025-09-09 13:07:08,052][hydra.utils][INFO] - Miglioramento trovato, modello salvato in memoria
[2025-09-09 13:07:25,841][hydra.utils][INFO] - 
Epoch 12/20, Loss: 0.4096, Accuracy: 0.8636.
Validation Metrics:
 {'Loss': 0.4193, 'Accuracy': 0.8874, 'Precision': 0.8814, 'Recall': 0.8837, 'F1 Score': 0.8804}
[2025-09-09 13:07:25,841][hydra.utils][INFO] - Miglioramento trovato, modello salvato in memoria
[2025-09-09 13:07:43,681][hydra.utils][INFO] - 
Epoch 13/20, Loss: 0.4017, Accuracy: 0.8660.
Validation Metrics:
 {'Loss': 0.3842, 'Accuracy': 0.8863, 'Precision': 0.882, 'Recall': 0.8805, 'F1 Score': 0.8801}
[2025-09-09 13:07:43,682][hydra.utils][INFO] - Miglioramento trovato, modello salvato in memoria
[2025-09-09 13:08:01,447][hydra.utils][INFO] - 
Epoch 14/20, Loss: 0.3945, Accuracy: 0.8694.
Validation Metrics:
 {'Loss': 0.4459, 'Accuracy': 0.8726, 'Precision': 0.8685, 'Recall': 0.8684, 'F1 Score': 0.8664}
[2025-09-09 13:08:01,447][hydra.utils][INFO] - ⏸ Nessun miglioramento (1/4)
[2025-09-09 13:08:19,252][hydra.utils][INFO] - 
Epoch 15/20, Loss: 0.3864, Accuracy: 0.8739.
Validation Metrics:
 {'Loss': 0.4534, 'Accuracy': 0.8793, 'Precision': 0.8773, 'Recall': 0.8783, 'F1 Score': 0.8731}
[2025-09-09 13:08:19,252][hydra.utils][INFO] - ⏸ Nessun miglioramento (2/4)
[2025-09-09 13:08:37,101][hydra.utils][INFO] - 
Epoch 16/20, Loss: 0.3743, Accuracy: 0.8795.
Validation Metrics:
 {'Loss': 0.4775, 'Accuracy': 0.8852, 'Precision': 0.8802, 'Recall': 0.8825, 'F1 Score': 0.8779}
[2025-09-09 13:08:37,101][hydra.utils][INFO] - ⏸ Nessun miglioramento (3/4)
[2025-09-09 13:08:54,930][hydra.utils][INFO] - 
Epoch 17/20, Loss: 0.3712, Accuracy: 0.8797.
Validation Metrics:
 {'Loss': 0.5851, 'Accuracy': 0.8411, 'Precision': 0.8727, 'Recall': 0.834, 'F1 Score': 0.8402}
[2025-09-09 13:08:54,930][hydra.utils][INFO] - ⏸ Nessun miglioramento (4/4)
[2025-09-09 13:08:54,930][hydra.utils][INFO] - Early stopping attivato
[2025-09-09 13:08:54,930][hydra.utils][INFO] - Modello ripristinato ai pesi migliori
[2025-09-09 13:08:55,642][hydra.utils][INFO] - 
StudentNetSeparable - Test Metrics: {'Loss': 0.5582, 'Accuracy': 0.8359, 'Precision': 0.8693, 'Recall': 0.8303, 'F1 Score': 0.8379, 'Total Inference Time': 209.4399, 'Single Img Avg Inference Time': 0.0776, 'Number of Parameters': 151237, 'Accuracy/Num Parameters': 5.527086625627326e-06, 'Accuracy/Avg Inference Time': 10.776, 'Confusion Matrix': array([[271,   0,  11,   2,   0,   7,   7,   0,   0,   5],
       [  5, 208,  82,   0,   0,   3,   0,   0,   0,   9],
       [  6,   0, 275,   2,   4,   2,   9,   5,   1,   0],
       [  2,   0,  19, 213,   5,   1,   8,   4,   3,   0],
       [  0,   0,   5,   1, 255,   0,   2,   0,   0,   0],
       [  2,   2,  29,   4,   0, 146,   0,   0,   6,   0],
       [  5,   0,  53,  19,   1,   0, 166,   0,   0,   0],
       [  0,   0,   3,   7,   5,   0,   0, 278,   0,   0],
       [  6,   0,  28,  48,   0,   4,   3,   0, 163,   1],
       [  3,   0,   1,   0,   0,   0,   0,   0,   3, 282]])}
[2025-09-09 13:08:55,742][hydra.utils][INFO] - StudentNetSeparable - Predizione corretta: True=Residential, Pred=Residential - Layer: depthwise
[2025-09-09 13:08:55,821][hydra.utils][INFO] - StudentNetSeparable - Predizione corretta: True=Residential, Pred=Residential - Layer: pointwise
[2025-09-09 13:08:55,914][hydra.utils][INFO] - StudentNetSeparable - Predizione corretta: True=Residential, Pred=Residential - Layer: conv2
[2025-09-09 13:08:56,005][hydra.utils][INFO] - StudentNetSeparable - Predizione sbagliata: True=PermanentCrop, Pred=HerbaceousVegetation - Layer: depthwise
[2025-09-09 13:08:56,086][hydra.utils][INFO] - StudentNetSeparable - Predizione sbagliata: True=PermanentCrop, Pred=HerbaceousVegetation - Layer: pointwise
[2025-09-09 13:08:56,165][hydra.utils][INFO] - StudentNetSeparable - Predizione sbagliata: True=PermanentCrop, Pred=HerbaceousVegetation - Layer: conv2
[2025-09-09 13:08:56,166][hydra.utils][INFO] - StudentNetSeparable model weights saved
[2025-09-09 13:08:56,167][hydra.utils][INFO] - 
=== Training StudentNetDepthwiseSkip with Teacher EfficientNet-B4 ===
[2025-09-09 13:09:15,065][hydra.utils][INFO] - 
Epoch 1/20, Loss: 0.9833, Accuracy: 0.6247.
Validation Metrics:
 {'Loss': 0.8472, 'Accuracy': 0.7426, 'Precision': 0.7527, 'Recall': 0.7338, 'F1 Score': 0.7327}
[2025-09-09 13:09:15,065][hydra.utils][INFO] - Miglioramento trovato, modello salvato in memoria
[2025-09-09 13:09:33,972][hydra.utils][INFO] - 
Epoch 2/20, Loss: 0.6900, Accuracy: 0.7478.
Validation Metrics:
 {'Loss': 0.6185, 'Accuracy': 0.8, 'Precision': 0.8083, 'Recall': 0.7916, 'F1 Score': 0.7923}
[2025-09-09 13:09:33,972][hydra.utils][INFO] - Miglioramento trovato, modello salvato in memoria
[2025-09-09 13:09:52,929][hydra.utils][INFO] - 
Epoch 3/20, Loss: 0.6000, Accuracy: 0.7889.
Validation Metrics:
 {'Loss': 0.5291, 'Accuracy': 0.8426, 'Precision': 0.8352, 'Recall': 0.8358, 'F1 Score': 0.8327}
[2025-09-09 13:09:52,930][hydra.utils][INFO] - Miglioramento trovato, modello salvato in memoria
[2025-09-09 13:10:11,801][hydra.utils][INFO] - 
Epoch 4/20, Loss: 0.5404, Accuracy: 0.8138.
Validation Metrics:
 {'Loss': 0.5331, 'Accuracy': 0.8496, 'Precision': 0.8405, 'Recall': 0.8446, 'F1 Score': 0.8393}
[2025-09-09 13:10:11,801][hydra.utils][INFO] - ⏸ Nessun miglioramento (1/4)
[2025-09-09 13:10:30,737][hydra.utils][INFO] - 
Epoch 5/20, Loss: 0.5171, Accuracy: 0.8245.
Validation Metrics:
 {'Loss': 0.7165, 'Accuracy': 0.8085, 'Precision': 0.8281, 'Recall': 0.7974, 'F1 Score': 0.7996}
[2025-09-09 13:10:30,737][hydra.utils][INFO] - ⏸ Nessun miglioramento (2/4)
[2025-09-09 13:10:49,672][hydra.utils][INFO] - 
Epoch 6/20, Loss: 0.4793, Accuracy: 0.8365.
Validation Metrics:
 {'Loss': 0.4952, 'Accuracy': 0.8489, 'Precision': 0.8473, 'Recall': 0.8412, 'F1 Score': 0.8425}
[2025-09-09 13:10:49,672][hydra.utils][INFO] - Miglioramento trovato, modello salvato in memoria
[2025-09-09 13:11:08,583][hydra.utils][INFO] - 
Epoch 7/20, Loss: 0.4527, Accuracy: 0.8471.
Validation Metrics:
 {'Loss': 0.4842, 'Accuracy': 0.8611, 'Precision': 0.8569, 'Recall': 0.8592, 'F1 Score': 0.8533}
[2025-09-09 13:11:08,583][hydra.utils][INFO] - Miglioramento trovato, modello salvato in memoria
[2025-09-09 13:11:27,481][hydra.utils][INFO] - 
Epoch 8/20, Loss: 0.4445, Accuracy: 0.8521.
Validation Metrics:
 {'Loss': 0.4221, 'Accuracy': 0.8719, 'Precision': 0.8657, 'Recall': 0.8669, 'F1 Score': 0.8647}
[2025-09-09 13:11:27,481][hydra.utils][INFO] - Miglioramento trovato, modello salvato in memoria
[2025-09-09 13:11:46,382][hydra.utils][INFO] - 
Epoch 9/20, Loss: 0.4163, Accuracy: 0.8618.
Validation Metrics:
 {'Loss': 0.4896, 'Accuracy': 0.8733, 'Precision': 0.8737, 'Recall': 0.8692, 'F1 Score': 0.8672}
[2025-09-09 13:11:46,383][hydra.utils][INFO] - ⏸ Nessun miglioramento (1/4)
[2025-09-09 13:12:05,304][hydra.utils][INFO] - 
Epoch 10/20, Loss: 0.4175, Accuracy: 0.8631.
Validation Metrics:
 {'Loss': 0.7533, 'Accuracy': 0.8044, 'Precision': 0.8205, 'Recall': 0.8044, 'F1 Score': 0.7931}
[2025-09-09 13:12:05,304][hydra.utils][INFO] - ⏸ Nessun miglioramento (2/4)
[2025-09-09 13:12:24,189][hydra.utils][INFO] - 
Epoch 11/20, Loss: 0.3973, Accuracy: 0.8692.
Validation Metrics:
 {'Loss': 0.5725, 'Accuracy': 0.8422, 'Precision': 0.8404, 'Recall': 0.8403, 'F1 Score': 0.8354}
[2025-09-09 13:12:24,189][hydra.utils][INFO] - ⏸ Nessun miglioramento (3/4)
[2025-09-09 13:12:43,102][hydra.utils][INFO] - 
Epoch 12/20, Loss: 0.3717, Accuracy: 0.8796.
Validation Metrics:
 {'Loss': 0.4137, 'Accuracy': 0.8748, 'Precision': 0.8814, 'Recall': 0.8712, 'F1 Score': 0.8692}
[2025-09-09 13:12:43,102][hydra.utils][INFO] - Miglioramento trovato, modello salvato in memoria
[2025-09-09 13:13:02,079][hydra.utils][INFO] - 
Epoch 13/20, Loss: 0.3765, Accuracy: 0.8748.
Validation Metrics:
 {'Loss': 0.4992, 'Accuracy': 0.8607, 'Precision': 0.8601, 'Recall': 0.8566, 'F1 Score': 0.8562}
[2025-09-09 13:13:02,079][hydra.utils][INFO] - ⏸ Nessun miglioramento (1/4)
[2025-09-09 13:13:21,022][hydra.utils][INFO] - 
Epoch 14/20, Loss: 0.3639, Accuracy: 0.8839.
Validation Metrics:
 {'Loss': 0.5331, 'Accuracy': 0.8537, 'Precision': 0.849, 'Recall': 0.8508, 'F1 Score': 0.8445}
[2025-09-09 13:13:21,022][hydra.utils][INFO] - ⏸ Nessun miglioramento (2/4)
[2025-09-09 13:13:39,952][hydra.utils][INFO] - 
Epoch 15/20, Loss: 0.3495, Accuracy: 0.8876.
Validation Metrics:
 {'Loss': 0.5641, 'Accuracy': 0.8559, 'Precision': 0.8576, 'Recall': 0.8548, 'F1 Score': 0.8496}
[2025-09-09 13:13:39,952][hydra.utils][INFO] - ⏸ Nessun miglioramento (3/4)
[2025-09-09 13:13:58,863][hydra.utils][INFO] - 
Epoch 16/20, Loss: 0.3402, Accuracy: 0.8912.
Validation Metrics:
 {'Loss': 0.7026, 'Accuracy': 0.8226, 'Precision': 0.8295, 'Recall': 0.8228, 'F1 Score': 0.8141}
[2025-09-09 13:13:58,863][hydra.utils][INFO] - ⏸ Nessun miglioramento (4/4)
[2025-09-09 13:13:58,863][hydra.utils][INFO] - Early stopping attivato
[2025-09-09 13:13:58,863][hydra.utils][INFO] - Modello ripristinato ai pesi migliori
[2025-09-09 13:13:59,663][hydra.utils][INFO] - 
StudentNetDepthwiseSkip - Test Metrics: {'Loss': 0.7203, 'Accuracy': 0.8204, 'Precision': 0.8282, 'Recall': 0.8252, 'F1 Score': 0.8146, 'Total Inference Time': 267.5897, 'Single Img Avg Inference Time': 0.0991, 'Number of Parameters': 153285, 'Accuracy/Num Parameters': 5.352121864500766e-06, 'Accuracy/Avg Inference Time': 8.2779, 'Confusion Matrix': array([[253,   0,   1,   6,   0,  13,   4,   0,   9,  17],
       [  0, 229,   0,   0,   0,  41,   0,   0,   2,  35],
       [  9,   6, 168,  29,   6,  28,  36,  10,   8,   4],
       [  3,   0,   0, 202,   7,   4,   8,   1,  30,   0],
       [  0,   0,   0,   7, 252,   0,   4,   0,   0,   0],
       [  0,   0,   1,   2,   0, 177,   0,   0,   4,   5],
       [ 17,   0,   6,  30,   1,   9, 174,   0,   7,   0],
       [  0,   0,   0,   7,  20,   0,   0, 266,   0,   0],
       [  9,   0,   0,  14,   0,  18,   1,   0, 206,   5],
       [  1,   0,   0,   0,   0,   0,   0,   0,   0, 288]])}
[2025-09-09 13:13:59,764][hydra.utils][INFO] - StudentNetDepthwiseSkip - Predizione corretta: True=Residential, Pred=Residential - Layer: depthwise
[2025-09-09 13:13:59,844][hydra.utils][INFO] - StudentNetDepthwiseSkip - Predizione corretta: True=Residential, Pred=Residential - Layer: pointwise
[2025-09-09 13:13:59,925][hydra.utils][INFO] - StudentNetDepthwiseSkip - Predizione corretta: True=Residential, Pred=Residential - Layer: conv2
[2025-09-09 13:14:00,006][hydra.utils][INFO] - StudentNetDepthwiseSkip - Predizione sbagliata: True=Highway, Pred=River - Layer: depthwise
[2025-09-09 13:14:00,089][hydra.utils][INFO] - StudentNetDepthwiseSkip - Predizione sbagliata: True=Highway, Pred=River - Layer: pointwise
[2025-09-09 13:14:00,172][hydra.utils][INFO] - StudentNetDepthwiseSkip - Predizione sbagliata: True=Highway, Pred=River - Layer: conv2
[2025-09-09 13:14:00,173][hydra.utils][INFO] - StudentNetDepthwiseSkip model weights saved
[2025-09-09 13:14:00,173][hydra.utils][INFO] - 
=== Training StudentNetLight with Teacher EfficientNet-B4 ===
[2025-09-09 13:14:15,737][hydra.utils][INFO] - 
Epoch 1/20, Loss: 1.2316, Accuracy: 0.5240.
Validation Metrics:
 {'Loss': 0.8808, 'Accuracy': 0.7089, 'Precision': 0.7128, 'Recall': 0.6986, 'F1 Score': 0.6924}
[2025-09-09 13:14:15,737][hydra.utils][INFO] - Miglioramento trovato, modello salvato in memoria
[2025-09-09 13:14:31,238][hydra.utils][INFO] - 
Epoch 2/20, Loss: 0.7972, Accuracy: 0.7139.
Validation Metrics:
 {'Loss': 0.7231, 'Accuracy': 0.7756, 'Precision': 0.7756, 'Recall': 0.7648, 'F1 Score': 0.7604}
[2025-09-09 13:14:31,238][hydra.utils][INFO] - Miglioramento trovato, modello salvato in memoria
[2025-09-09 13:14:46,769][hydra.utils][INFO] - 
Epoch 3/20, Loss: 0.5976, Accuracy: 0.7997.
Validation Metrics:
 {'Loss': 0.6389, 'Accuracy': 0.8056, 'Precision': 0.8098, 'Recall': 0.8004, 'F1 Score': 0.7973}
[2025-09-09 13:14:46,770][hydra.utils][INFO] - Miglioramento trovato, modello salvato in memoria
[2025-09-09 13:15:02,250][hydra.utils][INFO] - 
Epoch 4/20, Loss: 0.4710, Accuracy: 0.8494.
Validation Metrics:
 {'Loss': 0.6786, 'Accuracy': 0.8211, 'Precision': 0.8133, 'Recall': 0.813, 'F1 Score': 0.8094}
[2025-09-09 13:15:02,250][hydra.utils][INFO] - ⏸ Nessun miglioramento (1/4)
[2025-09-09 13:15:17,740][hydra.utils][INFO] - 
Epoch 5/20, Loss: 0.3787, Accuracy: 0.8895.
Validation Metrics:
 {'Loss': 0.7539, 'Accuracy': 0.8237, 'Precision': 0.8237, 'Recall': 0.8179, 'F1 Score': 0.8152}
[2025-09-09 13:15:17,741][hydra.utils][INFO] - ⏸ Nessun miglioramento (2/4)
[2025-09-09 13:15:33,250][hydra.utils][INFO] - 
Epoch 6/20, Loss: 0.3179, Accuracy: 0.9116.
Validation Metrics:
 {'Loss': 0.79, 'Accuracy': 0.8263, 'Precision': 0.8201, 'Recall': 0.8199, 'F1 Score': 0.8173}
[2025-09-09 13:15:33,250][hydra.utils][INFO] - ⏸ Nessun miglioramento (3/4)
[2025-09-09 13:15:48,741][hydra.utils][INFO] - 
Epoch 7/20, Loss: 0.2611, Accuracy: 0.9361.
Validation Metrics:
 {'Loss': 0.8919, 'Accuracy': 0.8093, 'Precision': 0.8093, 'Recall': 0.8022, 'F1 Score': 0.7968}
[2025-09-09 13:15:48,751][hydra.utils][INFO] - ⏸ Nessun miglioramento (4/4)
[2025-09-09 13:15:48,752][hydra.utils][INFO] - Early stopping attivato
[2025-09-09 13:15:48,752][hydra.utils][INFO] - Modello ripristinato ai pesi migliori
[2025-09-09 13:15:49,374][hydra.utils][INFO] - 
StudentNetLight - Test Metrics: {'Loss': 0.9442, 'Accuracy': 0.7978, 'Precision': 0.7971, 'Recall': 0.7924, 'F1 Score': 0.7868, 'Total Inference Time': 84.365, 'Single Img Avg Inference Time': 0.0312, 'Number of Parameters': 8394410, 'Accuracy/Num Parameters': 9.503943695864271e-08, 'Accuracy/Avg Inference Time': 25.5326, 'Confusion Matrix': array([[247,   1,  11,   3,   0,  14,  20,   1,   2,   4],
       [  0, 288,   1,   1,   0,  14,   0,   0,   0,   3],
       [  2,   6, 212,  14,   2,   9,  34,  23,   2,   0],
       [  5,   1,  11, 173,   6,   6,  22,  15,  16,   0],
       [  0,   0,   4,   4, 228,   0,   0,  27,   0,   0],
       [  2,   1,   8,   2,   0, 161,   9,   0,   4,   2],
       [  5,   0,  48,   6,   0,   7, 172,   5,   1,   0],
       [  0,   0,   0,   0,   3,   0,   1, 289,   0,   0],
       [ 10,   5,   9,  55,   2,  32,  16,   9, 115,   0],
       [  2,   4,   1,   0,   0,   8,   0,   0,   5, 269]])}
[2025-09-09 13:15:49,487][hydra.utils][INFO] - StudentNetLight - Predizione corretta: True=Residential, Pred=Residential - Layer: conv1
[2025-09-09 13:15:49,568][hydra.utils][INFO] - StudentNetLight - Predizione corretta: True=Residential, Pred=Residential - Layer: conv2
[2025-09-09 13:15:49,646][hydra.utils][INFO] - StudentNetLight - Predizione sbagliata: True=PermanentCrop, Pred=HerbaceousVegetation - Layer: conv1
[2025-09-09 13:15:49,727][hydra.utils][INFO] - StudentNetLight - Predizione sbagliata: True=PermanentCrop, Pred=HerbaceousVegetation - Layer: conv2
[2025-09-09 13:15:49,754][hydra.utils][INFO] - StudentNetLight model weights saved
[2025-09-09 13:15:49,754][hydra.utils][INFO] - 
Best Student: StudentResNet with Accuracy: 0.9404
[2025-09-09 13:15:49,754][hydra.utils][INFO] - 
Worst Student: SimpleNet with Accuracy: 0.7589
[2025-09-09 13:15:49,760][hydra.utils][INFO] - 
=== Grad-CAM Comparison between Best (StudentResNet) and Worst (SimpleNet) Students ===
[2025-09-09 13:15:49,886][hydra.utils][INFO] - Confronto Grad-CAM: True=Residential, StudentResNet Pred=Residential, SimpleNet Pred=Highway
[2025-09-09 13:15:49,886][hydra.utils][INFO] - 
=== Final Results ===
[2025-09-09 13:15:49,886][hydra.utils][INFO] - 
Teacher: {'Loss': 0.1037, 'Accuracy': 0.9685, 'Precision': 0.9677, 'Recall': 0.9689, 'F1 Score': 0.9679}

[2025-09-09 13:15:49,886][hydra.utils][INFO] - 
SimpleNet: {'Loss': 1.094, 'Accuracy': 0.7589, 'Precision': 0.7515, 'Recall': 0.754, 'F1 Score': 0.7481, 'Total Inference Time': 75.2348, 'Single Img Avg Inference Time': 0.0279, 'Number of Parameters': 1315818, 'Accuracy/Num Parameters': 5.767514960275661e-07, 'Accuracy/Avg Inference Time': 27.2351, 'Confusion Matrix': array([[253,   2,   2,   3,   0,  11,  16,   0,   5,  11],
       [  0, 275,   2,   0,   0,  14,   0,   0,   2,  14],
       [  9,  15, 164,   9,   6,   8,  75,   9,   8,   1],
       [ 17,   1,   3, 141,  12,   9,  18,   3,  51,   0],
       [  1,   0,   2,   9, 239,   0,   6,   3,   2,   1],
       [  6,   9,  11,   0,   0, 145,   6,   0,   9,   3],
       [ 18,   2,  20,  18,   3,  10, 162,   2,   9,   0],
       [  0,   0,   3,  11,  18,   1,  10, 245,   5,   0],
       [ 15,   9,   4,  30,   3,  30,  11,   0, 142,   9],
       [  2,   1,   0,   0,   0,   0,   1,   0,   2, 283]])}
[2025-09-09 13:15:50,032][hydra.utils][INFO] - 
StudentResNet: {'Loss': 0.1973, 'Accuracy': 0.9404, 'Precision': 0.943, 'Recall': 0.9383, 'F1 Score': 0.9389, 'Total Inference Time': 380.2431, 'Single Img Avg Inference Time': 0.1408, 'Number of Parameters': 168746, 'Accuracy/Num Parameters': 5.572872838467282e-06, 'Accuracy/Avg Inference Time': 6.6775, 'Confusion Matrix': array([[283,   1,   1,   0,   0,   5,   9,   0,   1,   3],
       [  0, 298,   9,   0,   0,   0,   0,   0,   0,   0],
       [  2,   0, 292,   0,   1,   1,   6,   1,   0,   1],
       [  0,   0,   2, 243,   3,   1,   5,   1,   0,   0],
       [  0,   0,   3,   0, 258,   0,   1,   0,   1,   0],
       [  0,   0,   7,   0,   0, 180,   2,   0,   0,   0],
       [  8,   1,  15,   0,   0,   0, 220,   0,   0,   0],
       [  0,   0,   0,   0,   1,   0,   0, 292,   0,   0],
       [  8,   4,  17,   6,   4,   6,  10,   0, 197,   1],
       [  0,   4,   5,   0,   0,   4,   0,   0,   0, 276]])}
[2025-09-09 13:15:50,171][hydra.utils][INFO] - 
StudentNetSeparable: {'Loss': 0.5582, 'Accuracy': 0.8359, 'Precision': 0.8693, 'Recall': 0.8303, 'F1 Score': 0.8379, 'Total Inference Time': 209.4399, 'Single Img Avg Inference Time': 0.0776, 'Number of Parameters': 151237, 'Accuracy/Num Parameters': 5.527086625627326e-06, 'Accuracy/Avg Inference Time': 10.776, 'Confusion Matrix': array([[271,   0,  11,   2,   0,   7,   7,   0,   0,   5],
       [  5, 208,  82,   0,   0,   3,   0,   0,   0,   9],
       [  6,   0, 275,   2,   4,   2,   9,   5,   1,   0],
       [  2,   0,  19, 213,   5,   1,   8,   4,   3,   0],
       [  0,   0,   5,   1, 255,   0,   2,   0,   0,   0],
       [  2,   2,  29,   4,   0, 146,   0,   0,   6,   0],
       [  5,   0,  53,  19,   1,   0, 166,   0,   0,   0],
       [  0,   0,   3,   7,   5,   0,   0, 278,   0,   0],
       [  6,   0,  28,  48,   0,   4,   3,   0, 163,   1],
       [  3,   0,   1,   0,   0,   0,   0,   0,   3, 282]])}
[2025-09-09 13:15:50,311][hydra.utils][INFO] - 
StudentNetDepthwiseSkip: {'Loss': 0.7203, 'Accuracy': 0.8204, 'Precision': 0.8282, 'Recall': 0.8252, 'F1 Score': 0.8146, 'Total Inference Time': 267.5897, 'Single Img Avg Inference Time': 0.0991, 'Number of Parameters': 153285, 'Accuracy/Num Parameters': 5.352121864500766e-06, 'Accuracy/Avg Inference Time': 8.2779, 'Confusion Matrix': array([[253,   0,   1,   6,   0,  13,   4,   0,   9,  17],
       [  0, 229,   0,   0,   0,  41,   0,   0,   2,  35],
       [  9,   6, 168,  29,   6,  28,  36,  10,   8,   4],
       [  3,   0,   0, 202,   7,   4,   8,   1,  30,   0],
       [  0,   0,   0,   7, 252,   0,   4,   0,   0,   0],
       [  0,   0,   1,   2,   0, 177,   0,   0,   4,   5],
       [ 17,   0,   6,  30,   1,   9, 174,   0,   7,   0],
       [  0,   0,   0,   7,  20,   0,   0, 266,   0,   0],
       [  9,   0,   0,  14,   0,  18,   1,   0, 206,   5],
       [  1,   0,   0,   0,   0,   0,   0,   0,   0, 288]])}
[2025-09-09 13:15:50,540][hydra.utils][INFO] - 
StudentNetLight: {'Loss': 0.9442, 'Accuracy': 0.7978, 'Precision': 0.7971, 'Recall': 0.7924, 'F1 Score': 0.7868, 'Total Inference Time': 84.365, 'Single Img Avg Inference Time': 0.0312, 'Number of Parameters': 8394410, 'Accuracy/Num Parameters': 9.503943695864271e-08, 'Accuracy/Avg Inference Time': 25.5326, 'Confusion Matrix': array([[247,   1,  11,   3,   0,  14,  20,   1,   2,   4],
       [  0, 288,   1,   1,   0,  14,   0,   0,   0,   3],
       [  2,   6, 212,  14,   2,   9,  34,  23,   2,   0],
       [  5,   1,  11, 173,   6,   6,  22,  15,  16,   0],
       [  0,   0,   4,   4, 228,   0,   0,  27,   0,   0],
       [  2,   1,   8,   2,   0, 161,   9,   0,   4,   2],
       [  5,   0,  48,   6,   0,   7, 172,   5,   1,   0],
       [  0,   0,   0,   0,   3,   0,   1, 289,   0,   0],
       [ 10,   5,   9,  55,   2,  32,  16,   9, 115,   0],
       [  2,   4,   1,   0,   0,   8,   0,   0,   5, 269]])}
[2025-09-09 13:15:50,681][hydra.utils][INFO] - All models trained and evaluated successfully.
