[2025-09-09 00:02:58,016][hydra.utils][INFO] - 
=== Configurations ===
t_epochs: 5
s_epochs: 20
data_dir: ./data
batch_size: 64
num_classes: 10
alpha: 0.7
temperature: 3.0
seed: 42

[2025-09-09 00:02:58,016][hydra.utils][INFO] - 
learning rate: 0.002

[2025-09-09 00:02:58,056][hydra.utils][INFO] - 
device: cuda

[2025-09-09 00:03:02,412][hydra.utils][INFO] - 
=== Training Teacher EfficientNet-B4 ===
[2025-09-09 00:03:35,720][hydra.utils][INFO] - 
Epoch 1/5, Loss: 0.4793, Accuracy: 0.8482
[2025-09-09 00:04:08,802][hydra.utils][INFO] - 
Epoch 2/5, Loss: 0.1917, Accuracy: 0.9416
[2025-09-09 00:04:42,415][hydra.utils][INFO] - 
Epoch 3/5, Loss: 0.1183, Accuracy: 0.9628
[2025-09-09 00:05:15,980][hydra.utils][INFO] - 
Epoch 4/5, Loss: 0.1112, Accuracy: 0.9670
[2025-09-09 00:05:49,811][hydra.utils][INFO] - 
Epoch 5/5, Loss: 0.0910, Accuracy: 0.9714
[2025-09-09 00:05:51,359][hydra.utils][INFO] - 
TEACHER - Test Metrics: {'Loss': 0.115, 'Accuracy': 0.9663, 'Precision': 0.9657, 'Recall': 0.9655, 'F1 Score': 0.9655}
[2025-09-09 00:05:51,359][hydra.utils][INFO] - 
=== Training SimpleNet with Teacher EfficientNet-B4 ===
[2025-09-09 00:06:06,014][hydra.utils][INFO] - 
Epoch 1/20, Loss: 1.0772, Accuracy: 0.5915.
Validation Metrics:
 {'Loss': 0.8236, 'Accuracy': 0.7304, 'Precision': 0.7353, 'Recall': 0.7277, 'F1 Score': 0.7219}
[2025-09-09 00:06:06,014][hydra.utils][INFO] - Miglioramento trovato, modello salvato in memoria
[2025-09-09 00:06:20,569][hydra.utils][INFO] - 
Epoch 2/20, Loss: 0.5955, Accuracy: 0.7985.
Validation Metrics:
 {'Loss': 0.8391, 'Accuracy': 0.7478, 'Precision': 0.7599, 'Recall': 0.7421, 'F1 Score': 0.74}
[2025-09-09 00:06:20,569][hydra.utils][INFO] - ⏸ Nessun miglioramento (1/4)
[2025-09-09 00:06:35,083][hydra.utils][INFO] - 
Epoch 3/20, Loss: 0.4327, Accuracy: 0.8724.
Validation Metrics:
 {'Loss': 0.8151, 'Accuracy': 0.7719, 'Precision': 0.7753, 'Recall': 0.7712, 'F1 Score': 0.7665}
[2025-09-09 00:06:35,083][hydra.utils][INFO] - Miglioramento trovato, modello salvato in memoria
[2025-09-09 00:06:49,564][hydra.utils][INFO] - 
Epoch 4/20, Loss: 0.2997, Accuracy: 0.9297.
Validation Metrics:
 {'Loss': 0.9635, 'Accuracy': 0.7444, 'Precision': 0.7477, 'Recall': 0.7383, 'F1 Score': 0.7376}
[2025-09-09 00:06:49,564][hydra.utils][INFO] - ⏸ Nessun miglioramento (1/4)
[2025-09-09 00:07:04,069][hydra.utils][INFO] - 
Epoch 5/20, Loss: 0.2325, Accuracy: 0.9581.
Validation Metrics:
 {'Loss': 1.0123, 'Accuracy': 0.7581, 'Precision': 0.7609, 'Recall': 0.7505, 'F1 Score': 0.7437}
[2025-09-09 00:07:04,069][hydra.utils][INFO] - ⏸ Nessun miglioramento (2/4)
[2025-09-09 00:07:18,552][hydra.utils][INFO] - 
Epoch 6/20, Loss: 0.1814, Accuracy: 0.9769.
Validation Metrics:
 {'Loss': 0.9712, 'Accuracy': 0.7652, 'Precision': 0.7617, 'Recall': 0.7606, 'F1 Score': 0.7546}
[2025-09-09 00:07:18,552][hydra.utils][INFO] - ⏸ Nessun miglioramento (3/4)
[2025-09-09 00:07:33,055][hydra.utils][INFO] - 
Epoch 7/20, Loss: 0.1467, Accuracy: 0.9844.
Validation Metrics:
 {'Loss': 1.0754, 'Accuracy': 0.7563, 'Precision': 0.7561, 'Recall': 0.7491, 'F1 Score': 0.7439}
[2025-09-09 00:07:33,055][hydra.utils][INFO] - ⏸ Nessun miglioramento (4/4)
[2025-09-09 00:07:33,055][hydra.utils][INFO] - Early stopping attivato
[2025-09-09 00:07:33,055][hydra.utils][INFO] - Modello ripristinato ai pesi migliori
[2025-09-09 00:07:33,720][hydra.utils][INFO] - 
SimpleNet - Test Metrics: {'Loss': 1.0767, 'Accuracy': 0.753, 'Precision': 0.7528, 'Recall': 0.7471, 'F1 Score': 0.7409, 'Total Inference Time': 76.4371, 'Single Img Average Inference Time': 0.0283, 'Number of Parameters': 1315818, 'Accuracy/Num Parameters': 5.722675932385786e-07, 'Accuracy/Inference Time': 26.5984, 'Confusion Matrix': array([[259,   1,   4,   5,   0,   8,  11,   0,   1,  11],
       [  0, 278,   2,   0,   0,   9,   0,   1,   1,   6],
       [ 12,   8, 163,  12,   3,  14,  50,  24,  13,   3],
       [ 18,   1,  10, 165,   2,  13,  22,  11,  26,   1],
       [  5,   0,   2,  22, 152,   0,   9,  61,   5,   1],
       [  7,   5,   4,   3,   0, 154,   7,   0,   5,   2],
       [ 22,   0,  33,  19,   1,  11, 148,   8,  12,   0],
       [  0,   0,   2,   2,   5,   0,   2, 303,   0,   0],
       [ 22,   9,   2,  28,   0,  18,   6,   8, 138,  14],
       [  0,   1,   0,   0,   0,   1,   0,   0,   0, 273]])}
[2025-09-09 00:07:33,958][hydra.utils][INFO] - SimpleNet - Predizione corretta: True=Residential, Pred=Residential - Layer: conv1
[2025-09-09 00:07:34,050][hydra.utils][INFO] - SimpleNet - Predizione corretta: True=Residential, Pred=Residential - Layer: conv2
[2025-09-09 00:07:34,148][hydra.utils][INFO] - SimpleNet - Predizione sbagliata: True=Industrial, Pred=Residential - Layer: conv1
[2025-09-09 00:07:34,230][hydra.utils][INFO] - SimpleNet - Predizione sbagliata: True=Industrial, Pred=Residential - Layer: conv2
[2025-09-09 00:07:34,234][hydra.utils][INFO] - SimpleNet model weights saved
[2025-09-09 00:07:34,234][hydra.utils][INFO] - 
=== Training StudentResNet with Teacher EfficientNet-B4 ===
[2025-09-09 00:07:57,498][hydra.utils][INFO] - 
Epoch 1/20, Loss: 0.7992, Accuracy: 0.7047.
Validation Metrics:
 {'Loss': 0.6774, 'Accuracy': 0.7656, 'Precision': 0.7736, 'Recall': 0.753, 'F1 Score': 0.7537}
[2025-09-09 00:07:57,498][hydra.utils][INFO] - Miglioramento trovato, modello salvato in memoria
[2025-09-09 00:08:20,758][hydra.utils][INFO] - 
Epoch 2/20, Loss: 0.5077, Accuracy: 0.8136.
Validation Metrics:
 {'Loss': 0.6187, 'Accuracy': 0.8137, 'Precision': 0.8196, 'Recall': 0.8079, 'F1 Score': 0.804}
[2025-09-09 00:08:20,758][hydra.utils][INFO] - Miglioramento trovato, modello salvato in memoria
[2025-09-09 00:08:43,975][hydra.utils][INFO] - 
Epoch 3/20, Loss: 0.4194, Accuracy: 0.8506.
Validation Metrics:
 {'Loss': 0.3871, 'Accuracy': 0.8656, 'Precision': 0.8709, 'Recall': 0.8589, 'F1 Score': 0.8596}
[2025-09-09 00:08:43,975][hydra.utils][INFO] - Miglioramento trovato, modello salvato in memoria
[2025-09-09 00:09:07,239][hydra.utils][INFO] - 
Epoch 4/20, Loss: 0.3615, Accuracy: 0.8746.
Validation Metrics:
 {'Loss': 0.9148, 'Accuracy': 0.7819, 'Precision': 0.8229, 'Recall': 0.7728, 'F1 Score': 0.767}
[2025-09-09 00:09:07,239][hydra.utils][INFO] - ⏸ Nessun miglioramento (1/4)
[2025-09-09 00:09:30,562][hydra.utils][INFO] - 
Epoch 5/20, Loss: 0.3166, Accuracy: 0.8931.
Validation Metrics:
 {'Loss': 0.407, 'Accuracy': 0.8837, 'Precision': 0.8893, 'Recall': 0.8825, 'F1 Score': 0.8833}
[2025-09-09 00:09:30,562][hydra.utils][INFO] - ⏸ Nessun miglioramento (2/4)
[2025-09-09 00:09:53,887][hydra.utils][INFO] - 
Epoch 6/20, Loss: 0.2812, Accuracy: 0.9036.
Validation Metrics:
 {'Loss': 0.3568, 'Accuracy': 0.887, 'Precision': 0.8935, 'Recall': 0.8838, 'F1 Score': 0.8842}
[2025-09-09 00:09:53,887][hydra.utils][INFO] - Miglioramento trovato, modello salvato in memoria
[2025-09-09 00:10:17,285][hydra.utils][INFO] - 
Epoch 7/20, Loss: 0.2525, Accuracy: 0.9181.
Validation Metrics:
 {'Loss': 0.5226, 'Accuracy': 0.8433, 'Precision': 0.869, 'Recall': 0.8349, 'F1 Score': 0.8396}
[2025-09-09 00:10:17,285][hydra.utils][INFO] - ⏸ Nessun miglioramento (1/4)
[2025-09-09 00:10:40,673][hydra.utils][INFO] - 
Epoch 8/20, Loss: 0.2325, Accuracy: 0.9262.
Validation Metrics:
 {'Loss': 0.3505, 'Accuracy': 0.8952, 'Precision': 0.8998, 'Recall': 0.8916, 'F1 Score': 0.8899}
[2025-09-09 00:10:40,673][hydra.utils][INFO] - Miglioramento trovato, modello salvato in memoria
[2025-09-09 00:11:04,047][hydra.utils][INFO] - 
Epoch 9/20, Loss: 0.2152, Accuracy: 0.9326.
Validation Metrics:
 {'Loss': 0.2424, 'Accuracy': 0.9289, 'Precision': 0.9266, 'Recall': 0.9313, 'F1 Score': 0.9278}
[2025-09-09 00:11:04,047][hydra.utils][INFO] - Miglioramento trovato, modello salvato in memoria
[2025-09-09 00:11:27,413][hydra.utils][INFO] - 
Epoch 10/20, Loss: 0.1987, Accuracy: 0.9387.
Validation Metrics:
 {'Loss': 0.2326, 'Accuracy': 0.9267, 'Precision': 0.9278, 'Recall': 0.9253, 'F1 Score': 0.9256}
[2025-09-09 00:11:27,413][hydra.utils][INFO] - Miglioramento trovato, modello salvato in memoria
[2025-09-09 00:11:50,763][hydra.utils][INFO] - 
Epoch 11/20, Loss: 0.1857, Accuracy: 0.9443.
Validation Metrics:
 {'Loss': 0.1621, 'Accuracy': 0.9463, 'Precision': 0.9461, 'Recall': 0.9459, 'F1 Score': 0.9456}
[2025-09-09 00:11:50,763][hydra.utils][INFO] - Miglioramento trovato, modello salvato in memoria
[2025-09-09 00:12:13,866][hydra.utils][INFO] - 
Epoch 12/20, Loss: 0.1733, Accuracy: 0.9494.
Validation Metrics:
 {'Loss': 0.2197, 'Accuracy': 0.9322, 'Precision': 0.9372, 'Recall': 0.9305, 'F1 Score': 0.9322}
[2025-09-09 00:12:13,866][hydra.utils][INFO] - ⏸ Nessun miglioramento (1/4)
[2025-09-09 00:12:37,153][hydra.utils][INFO] - 
Epoch 13/20, Loss: 0.1695, Accuracy: 0.9501.
Validation Metrics:
 {'Loss': 0.2068, 'Accuracy': 0.9341, 'Precision': 0.9358, 'Recall': 0.9323, 'F1 Score': 0.9321}
[2025-09-09 00:12:37,153][hydra.utils][INFO] - ⏸ Nessun miglioramento (2/4)
[2025-09-09 00:13:00,504][hydra.utils][INFO] - 
Epoch 14/20, Loss: 0.1611, Accuracy: 0.9555.
Validation Metrics:
 {'Loss': 0.159, 'Accuracy': 0.9496, 'Precision': 0.9502, 'Recall': 0.949, 'F1 Score': 0.9491}
[2025-09-09 00:13:00,504][hydra.utils][INFO] - Miglioramento trovato, modello salvato in memoria
[2025-09-09 00:13:23,848][hydra.utils][INFO] - 
Epoch 15/20, Loss: 0.1547, Accuracy: 0.9567.
Validation Metrics:
 {'Loss': 0.202, 'Accuracy': 0.9426, 'Precision': 0.941, 'Recall': 0.943, 'F1 Score': 0.9405}
[2025-09-09 00:13:23,848][hydra.utils][INFO] - ⏸ Nessun miglioramento (1/4)
[2025-09-09 00:13:47,236][hydra.utils][INFO] - 
Epoch 16/20, Loss: 0.1485, Accuracy: 0.9592.
Validation Metrics:
 {'Loss': 0.1857, 'Accuracy': 0.9448, 'Precision': 0.9464, 'Recall': 0.9424, 'F1 Score': 0.9434}
[2025-09-09 00:13:47,237][hydra.utils][INFO] - ⏸ Nessun miglioramento (2/4)
[2025-09-09 00:14:10,648][hydra.utils][INFO] - 
Epoch 17/20, Loss: 0.1400, Accuracy: 0.9634.
Validation Metrics:
 {'Loss': 0.2059, 'Accuracy': 0.9385, 'Precision': 0.9421, 'Recall': 0.938, 'F1 Score': 0.9383}
[2025-09-09 00:14:10,648][hydra.utils][INFO] - ⏸ Nessun miglioramento (3/4)
[2025-09-09 00:14:34,068][hydra.utils][INFO] - 
Epoch 18/20, Loss: 0.1414, Accuracy: 0.9627.
Validation Metrics:
 {'Loss': 0.3614, 'Accuracy': 0.8885, 'Precision': 0.9208, 'Recall': 0.8879, 'F1 Score': 0.8888}
[2025-09-09 00:14:34,068][hydra.utils][INFO] - ⏸ Nessun miglioramento (4/4)
[2025-09-09 00:14:34,068][hydra.utils][INFO] - Early stopping attivato
[2025-09-09 00:14:34,068][hydra.utils][INFO] - Modello ripristinato ai pesi migliori
[2025-09-09 00:14:35,048][hydra.utils][INFO] - 
StudentResNet - Test Metrics: {'Loss': 0.4004, 'Accuracy': 0.8833, 'Precision': 0.9159, 'Recall': 0.8852, 'F1 Score': 0.8812, 'Total Inference Time': 381.7252, 'Single Img Average Inference Time': 0.1414, 'Number of Parameters': 168746, 'Accuracy/Num Parameters': 5.2344944472757875e-06, 'Accuracy/Inference Time': 6.2477, 'Confusion Matrix': array([[294,   0,   0,   0,   0,   0,   1,   0,   0,   5],
       [  3, 110, 168,   0,   0,   4,   0,   1,   2,   9],
       [  2,   0, 288,   0,   0,   1,   5,   4,   0,   2],
       [  2,   0,   1, 259,   0,   0,   2,   1,   4,   0],
       [  0,   0,   0,   6, 233,   0,   0,  18,   0,   0],
       [ 13,   0,   6,   0,   0, 166,   0,   0,   0,   2],
       [  8,   0,   7,   1,   1,   2, 235,   0,   0,   0],
       [  0,   0,   1,   0,   2,   0,   0, 311,   0,   0],
       [ 18,   0,   1,   6,   2,   0,   0,   0, 217,   1],
       [  2,   0,   0,   0,   0,   0,   0,   0,   1, 272]])}
[2025-09-09 00:14:35,173][hydra.utils][INFO] - StudentResNet - Predizione corretta: True=Residential, Pred=Residential - Layer: conv1
[2025-09-09 00:14:35,266][hydra.utils][INFO] - StudentResNet - Predizione corretta: True=Residential, Pred=Residential - Layer: conv2
[2025-09-09 00:14:35,354][hydra.utils][INFO] - StudentResNet - Predizione corretta: True=Residential, Pred=Residential - Layer: residual_block
[2025-09-09 00:14:35,449][hydra.utils][INFO] - StudentResNet - Predizione corretta: True=Residential, Pred=Residential - Layer: conv3
[2025-09-09 00:14:35,545][hydra.utils][INFO] - StudentResNet - Predizione sbagliata: True=Forest, Pred=HerbaceousVegetation - Layer: conv1
[2025-09-09 00:14:35,717][hydra.utils][INFO] - StudentResNet - Predizione sbagliata: True=Forest, Pred=HerbaceousVegetation - Layer: conv2
[2025-09-09 00:14:35,814][hydra.utils][INFO] - StudentResNet - Predizione sbagliata: True=Forest, Pred=HerbaceousVegetation - Layer: residual_block
[2025-09-09 00:14:35,917][hydra.utils][INFO] - StudentResNet - Predizione sbagliata: True=Forest, Pred=HerbaceousVegetation - Layer: conv3
[2025-09-09 00:14:35,919][hydra.utils][INFO] - StudentResNet model weights saved
[2025-09-09 00:14:35,919][hydra.utils][INFO] - 
=== Training StudentNetSeparable with Teacher EfficientNet-B4 ===
[2025-09-09 00:14:54,360][hydra.utils][INFO] - 
Epoch 1/20, Loss: 0.9556, Accuracy: 0.6208.
Validation Metrics:
 {'Loss': 1.2402, 'Accuracy': 0.6419, 'Precision': 0.6994, 'Recall': 0.6399, 'F1 Score': 0.6195}
[2025-09-09 00:14:54,364][hydra.utils][INFO] - Miglioramento trovato, modello salvato in memoria
[2025-09-09 00:15:12,799][hydra.utils][INFO] - 
Epoch 2/20, Loss: 0.6691, Accuracy: 0.7475.
Validation Metrics:
 {'Loss': 0.8041, 'Accuracy': 0.7541, 'Precision': 0.7588, 'Recall': 0.7511, 'F1 Score': 0.7472}
[2025-09-09 00:15:12,799][hydra.utils][INFO] - Miglioramento trovato, modello salvato in memoria
[2025-09-09 00:15:31,246][hydra.utils][INFO] - 
Epoch 3/20, Loss: 0.5848, Accuracy: 0.7822.
Validation Metrics:
 {'Loss': 0.5915, 'Accuracy': 0.8107, 'Precision': 0.8198, 'Recall': 0.811, 'F1 Score': 0.809}
[2025-09-09 00:15:31,246][hydra.utils][INFO] - Miglioramento trovato, modello salvato in memoria
[2025-09-09 00:15:49,697][hydra.utils][INFO] - 
Epoch 4/20, Loss: 0.5315, Accuracy: 0.8050.
Validation Metrics:
 {'Loss': 1.1792, 'Accuracy': 0.7248, 'Precision': 0.7562, 'Recall': 0.7224, 'F1 Score': 0.7035}
[2025-09-09 00:15:49,697][hydra.utils][INFO] - ⏸ Nessun miglioramento (1/4)
[2025-09-09 00:16:08,142][hydra.utils][INFO] - 
Epoch 5/20, Loss: 0.5025, Accuracy: 0.8179.
Validation Metrics:
 {'Loss': 0.4567, 'Accuracy': 0.853, 'Precision': 0.8514, 'Recall': 0.8524, 'F1 Score': 0.85}
[2025-09-09 00:16:08,143][hydra.utils][INFO] - Miglioramento trovato, modello salvato in memoria
[2025-09-09 00:16:26,557][hydra.utils][INFO] - 
Epoch 6/20, Loss: 0.4777, Accuracy: 0.8278.
Validation Metrics:
 {'Loss': 0.5249, 'Accuracy': 0.8419, 'Precision': 0.8431, 'Recall': 0.8368, 'F1 Score': 0.8339}
[2025-09-09 00:16:26,557][hydra.utils][INFO] - ⏸ Nessun miglioramento (1/4)
[2025-09-09 00:16:44,950][hydra.utils][INFO] - 
Epoch 7/20, Loss: 0.4566, Accuracy: 0.8359.
Validation Metrics:
 {'Loss': 0.5566, 'Accuracy': 0.8289, 'Precision': 0.8249, 'Recall': 0.8305, 'F1 Score': 0.8218}
[2025-09-09 00:16:44,950][hydra.utils][INFO] - ⏸ Nessun miglioramento (2/4)
[2025-09-09 00:17:03,360][hydra.utils][INFO] - 
Epoch 8/20, Loss: 0.4383, Accuracy: 0.8431.
Validation Metrics:
 {'Loss': 0.5002, 'Accuracy': 0.843, 'Precision': 0.8475, 'Recall': 0.8371, 'F1 Score': 0.8367}
[2025-09-09 00:17:03,360][hydra.utils][INFO] - ⏸ Nessun miglioramento (3/4)
[2025-09-09 00:17:21,805][hydra.utils][INFO] - 
Epoch 9/20, Loss: 0.4239, Accuracy: 0.8501.
Validation Metrics:
 {'Loss': 0.4143, 'Accuracy': 0.8763, 'Precision': 0.8729, 'Recall': 0.8756, 'F1 Score': 0.8734}
[2025-09-09 00:17:21,805][hydra.utils][INFO] - Miglioramento trovato, modello salvato in memoria
[2025-09-09 00:17:40,217][hydra.utils][INFO] - 
Epoch 10/20, Loss: 0.4157, Accuracy: 0.8538.
Validation Metrics:
 {'Loss': 0.4276, 'Accuracy': 0.8611, 'Precision': 0.8605, 'Recall': 0.8577, 'F1 Score': 0.8559}
[2025-09-09 00:17:40,218][hydra.utils][INFO] - ⏸ Nessun miglioramento (1/4)
[2025-09-09 00:17:58,630][hydra.utils][INFO] - 
Epoch 11/20, Loss: 0.3982, Accuracy: 0.8621.
Validation Metrics:
 {'Loss': 0.4576, 'Accuracy': 0.8585, 'Precision': 0.86, 'Recall': 0.8587, 'F1 Score': 0.8532}
[2025-09-09 00:17:58,631][hydra.utils][INFO] - ⏸ Nessun miglioramento (2/4)
[2025-09-09 00:18:17,056][hydra.utils][INFO] - 
Epoch 12/20, Loss: 0.3846, Accuracy: 0.8669.
Validation Metrics:
 {'Loss': 0.9348, 'Accuracy': 0.7285, 'Precision': 0.8039, 'Recall': 0.716, 'F1 Score': 0.7153}
[2025-09-09 00:18:17,056][hydra.utils][INFO] - ⏸ Nessun miglioramento (3/4)
[2025-09-09 00:18:35,494][hydra.utils][INFO] - 
Epoch 13/20, Loss: 0.3780, Accuracy: 0.8670.
Validation Metrics:
 {'Loss': 0.5416, 'Accuracy': 0.8526, 'Precision': 0.8553, 'Recall': 0.8531, 'F1 Score': 0.8459}
[2025-09-09 00:18:35,494][hydra.utils][INFO] - ⏸ Nessun miglioramento (4/4)
[2025-09-09 00:18:35,494][hydra.utils][INFO] - Early stopping attivato
[2025-09-09 00:18:35,495][hydra.utils][INFO] - Modello ripristinato ai pesi migliori
[2025-09-09 00:18:36,293][hydra.utils][INFO] - 
StudentNetSeparable - Test Metrics: {'Loss': 0.5618, 'Accuracy': 0.8593, 'Precision': 0.8619, 'Recall': 0.8597, 'F1 Score': 0.8519, 'Total Inference Time': 210.648, 'Single Img Average Inference Time': 0.078, 'Number of Parameters': 151237, 'Accuracy/Num Parameters': 5.681810668024359e-06, 'Accuracy/Inference Time': 11.0142, 'Confusion Matrix': array([[269,   0,   0,   0,   0,  16,   9,   0,   1,   5],
       [  0, 279,   2,   0,   0,  13,   0,   1,   2,   0],
       [  2,   1, 207,   5,   3,  19,  37,  12,  15,   1],
       [  7,   0,   4, 199,   5,  25,  20,   1,   8,   0],
       [  0,   0,   1,   5, 245,   0,   3,   3,   0,   0],
       [  3,   0,   1,   0,   0, 181,   0,   0,   1,   1],
       [  6,   0,  13,   2,   0,   9, 222,   1,   1,   0],
       [  0,   0,   0,   2,   7,   0,   1, 303,   1,   0],
       [ 17,   0,   1,  23,   2,  46,   5,   0, 150,   1],
       [  3,   0,   0,   0,   0,   4,   0,   0,   3, 265]])}
[2025-09-09 00:18:36,400][hydra.utils][INFO] - StudentNetSeparable - Predizione corretta: True=Residential, Pred=Residential - Layer: depthwise
[2025-09-09 00:18:36,489][hydra.utils][INFO] - StudentNetSeparable - Predizione corretta: True=Residential, Pred=Residential - Layer: pointwise
[2025-09-09 00:18:36,585][hydra.utils][INFO] - StudentNetSeparable - Predizione corretta: True=Residential, Pred=Residential - Layer: conv2
[2025-09-09 00:18:36,670][hydra.utils][INFO] - StudentNetSeparable - Predizione sbagliata: True=Highway, Pred=Pasture - Layer: depthwise
[2025-09-09 00:18:36,756][hydra.utils][INFO] - StudentNetSeparable - Predizione sbagliata: True=Highway, Pred=Pasture - Layer: pointwise
[2025-09-09 00:18:36,841][hydra.utils][INFO] - StudentNetSeparable - Predizione sbagliata: True=Highway, Pred=Pasture - Layer: conv2
[2025-09-09 00:18:36,843][hydra.utils][INFO] - StudentNetSeparable model weights saved
[2025-09-09 00:18:36,844][hydra.utils][INFO] - 
=== Training StudentNetDepthwiseSkip with Teacher EfficientNet-B4 ===
[2025-09-09 00:18:56,392][hydra.utils][INFO] - 
Epoch 1/20, Loss: 0.9551, Accuracy: 0.6235.
Validation Metrics:
 {'Loss': 0.7784, 'Accuracy': 0.7248, 'Precision': 0.7452, 'Recall': 0.7223, 'F1 Score': 0.7212}
[2025-09-09 00:18:56,392][hydra.utils][INFO] - Miglioramento trovato, modello salvato in memoria
[2025-09-09 00:19:15,931][hydra.utils][INFO] - 
Epoch 2/20, Loss: 0.6902, Accuracy: 0.7366.
Validation Metrics:
 {'Loss': 0.6351, 'Accuracy': 0.7904, 'Precision': 0.7866, 'Recall': 0.79, 'F1 Score': 0.7831}
[2025-09-09 00:19:15,931][hydra.utils][INFO] - Miglioramento trovato, modello salvato in memoria
[2025-09-09 00:19:35,487][hydra.utils][INFO] - 
Epoch 3/20, Loss: 0.5863, Accuracy: 0.7786.
Validation Metrics:
 {'Loss': 0.6482, 'Accuracy': 0.7885, 'Precision': 0.7911, 'Recall': 0.7866, 'F1 Score': 0.7812}
[2025-09-09 00:19:35,487][hydra.utils][INFO] - ⏸ Nessun miglioramento (1/4)
[2025-09-09 00:19:54,990][hydra.utils][INFO] - 
Epoch 4/20, Loss: 0.5353, Accuracy: 0.8031.
Validation Metrics:
 {'Loss': 0.678, 'Accuracy': 0.7907, 'Precision': 0.8119, 'Recall': 0.7796, 'F1 Score': 0.7839}
[2025-09-09 00:19:54,990][hydra.utils][INFO] - ⏸ Nessun miglioramento (2/4)
[2025-09-09 00:20:14,488][hydra.utils][INFO] - 
Epoch 5/20, Loss: 0.4869, Accuracy: 0.8221.
Validation Metrics:
 {'Loss': 0.7985, 'Accuracy': 0.77, 'Precision': 0.8018, 'Recall': 0.7657, 'F1 Score': 0.7636}
[2025-09-09 00:20:14,488][hydra.utils][INFO] - ⏸ Nessun miglioramento (3/4)
[2025-09-09 00:20:34,041][hydra.utils][INFO] - 
Epoch 6/20, Loss: 0.4553, Accuracy: 0.8366.
Validation Metrics:
 {'Loss': 0.7027, 'Accuracy': 0.7793, 'Precision': 0.7977, 'Recall': 0.7761, 'F1 Score': 0.7761}
[2025-09-09 00:20:34,041][hydra.utils][INFO] - ⏸ Nessun miglioramento (4/4)
[2025-09-09 00:20:34,041][hydra.utils][INFO] - Early stopping attivato
[2025-09-09 00:20:34,041][hydra.utils][INFO] - Modello ripristinato ai pesi migliori
[2025-09-09 00:20:34,896][hydra.utils][INFO] - 
StudentNetDepthwiseSkip - Test Metrics: {'Loss': 0.6674, 'Accuracy': 0.7852, 'Precision': 0.7998, 'Recall': 0.7829, 'F1 Score': 0.781, 'Total Inference Time': 268.6834, 'Single Img Average Inference Time': 0.0995, 'Number of Parameters': 153285, 'Accuracy/Num Parameters': 5.122484261343249e-06, 'Accuracy/Inference Time': 7.8905, 'Confusion Matrix': array([[275,   1,   2,   0,   0,   5,   0,   0,   8,   9],
       [  0, 203,   6,   1,   0,   4,   0,   0,   0,  83],
       [  7,   1, 228,  14,   3,   7,  31,   0,   8,   3],
       [ 16,   0,   5, 180,   6,   0,   8,   0,  54,   0],
       [  0,   0,   0,   7, 246,   0,   3,   0,   1,   0],
       [  5,   9,  10,   2,   0, 130,   0,   0,  25,   6],
       [ 29,   0,  26,  21,   1,   2, 151,   0,  24,   0],
       [  0,   0,  19,  30,  30,   0,   4, 230,   1,   0],
       [  8,   2,   4,  20,   2,   2,   0,   0, 204,   3],
       [  1,   0,   0,   0,   0,   0,   0,   0,   1, 273]])}
[2025-09-09 00:20:35,021][hydra.utils][INFO] - StudentNetDepthwiseSkip - Predizione corretta: True=Residential, Pred=Residential - Layer: depthwise
[2025-09-09 00:20:35,109][hydra.utils][INFO] - StudentNetDepthwiseSkip - Predizione corretta: True=Residential, Pred=Residential - Layer: pointwise
[2025-09-09 00:20:35,199][hydra.utils][INFO] - StudentNetDepthwiseSkip - Predizione corretta: True=Residential, Pred=Residential - Layer: conv2
[2025-09-09 00:20:35,296][hydra.utils][INFO] - StudentNetDepthwiseSkip - Predizione sbagliata: True=Forest, Pred=SeaLake - Layer: depthwise
[2025-09-09 00:20:35,393][hydra.utils][INFO] - StudentNetDepthwiseSkip - Predizione sbagliata: True=Forest, Pred=SeaLake - Layer: pointwise
[2025-09-09 00:20:35,491][hydra.utils][INFO] - StudentNetDepthwiseSkip - Predizione sbagliata: True=Forest, Pred=SeaLake - Layer: conv2
[2025-09-09 00:20:35,493][hydra.utils][INFO] - StudentNetDepthwiseSkip model weights saved
[2025-09-09 00:20:35,493][hydra.utils][INFO] - 
=== Training StudentNetLight with Teacher EfficientNet-B4 ===
[2025-09-09 00:20:51,497][hydra.utils][INFO] - 
Epoch 1/20, Loss: 1.3308, Accuracy: 0.4633.
Validation Metrics:
 {'Loss': 1.1519, 'Accuracy': 0.5837, 'Precision': 0.6206, 'Recall': 0.5771, 'F1 Score': 0.5605}
[2025-09-09 00:20:51,497][hydra.utils][INFO] - Miglioramento trovato, modello salvato in memoria
[2025-09-09 00:21:07,513][hydra.utils][INFO] - 
Epoch 2/20, Loss: 0.8652, Accuracy: 0.6657.
Validation Metrics:
 {'Loss': 0.783, 'Accuracy': 0.7278, 'Precision': 0.7192, 'Recall': 0.7183, 'F1 Score': 0.7095}
[2025-09-09 00:21:07,513][hydra.utils][INFO] - Miglioramento trovato, modello salvato in memoria
[2025-09-09 00:21:23,486][hydra.utils][INFO] - 
Epoch 3/20, Loss: 0.6771, Accuracy: 0.7493.
Validation Metrics:
 {'Loss': 0.8028, 'Accuracy': 0.7396, 'Precision': 0.7394, 'Recall': 0.7428, 'F1 Score': 0.7315}
[2025-09-09 00:21:23,486][hydra.utils][INFO] - ⏸ Nessun miglioramento (1/4)
[2025-09-09 00:21:39,482][hydra.utils][INFO] - 
Epoch 4/20, Loss: 0.5719, Accuracy: 0.7931.
Validation Metrics:
 {'Loss': 0.7368, 'Accuracy': 0.7685, 'Precision': 0.7693, 'Recall': 0.7665, 'F1 Score': 0.7578}
[2025-09-09 00:21:39,482][hydra.utils][INFO] - Miglioramento trovato, modello salvato in memoria
[2025-09-09 00:21:55,358][hydra.utils][INFO] - 
Epoch 5/20, Loss: 0.4888, Accuracy: 0.8324.
Validation Metrics:
 {'Loss': 0.8292, 'Accuracy': 0.7704, 'Precision': 0.7585, 'Recall': 0.7675, 'F1 Score': 0.7565}
[2025-09-09 00:21:55,358][hydra.utils][INFO] - ⏸ Nessun miglioramento (1/4)
[2025-09-09 00:22:11,348][hydra.utils][INFO] - 
Epoch 6/20, Loss: 0.4196, Accuracy: 0.8640.
Validation Metrics:
 {'Loss': 0.7449, 'Accuracy': 0.7911, 'Precision': 0.783, 'Recall': 0.7884, 'F1 Score': 0.7827}
[2025-09-09 00:22:11,348][hydra.utils][INFO] - ⏸ Nessun miglioramento (2/4)
[2025-09-09 00:22:27,383][hydra.utils][INFO] - 
Epoch 7/20, Loss: 0.3518, Accuracy: 0.8956.
Validation Metrics:
 {'Loss': 0.8329, 'Accuracy': 0.7793, 'Precision': 0.769, 'Recall': 0.7752, 'F1 Score': 0.7684}
[2025-09-09 00:22:27,383][hydra.utils][INFO] - ⏸ Nessun miglioramento (3/4)
[2025-09-09 00:22:43,376][hydra.utils][INFO] - 
Epoch 8/20, Loss: 0.3289, Accuracy: 0.9052.
Validation Metrics:
 {'Loss': 0.9176, 'Accuracy': 0.7696, 'Precision': 0.7761, 'Recall': 0.759, 'F1 Score': 0.7606}
[2025-09-09 00:22:43,376][hydra.utils][INFO] - ⏸ Nessun miglioramento (4/4)
[2025-09-09 00:22:43,376][hydra.utils][INFO] - Early stopping attivato
[2025-09-09 00:22:43,376][hydra.utils][INFO] - Modello ripristinato ai pesi migliori
[2025-09-09 00:22:44,043][hydra.utils][INFO] - 
StudentNetLight - Test Metrics: {'Loss': 0.9309, 'Accuracy': 0.7689, 'Precision': 0.7751, 'Recall': 0.7551, 'F1 Score': 0.7556, 'Total Inference Time': 85.6036, 'Single Img Average Inference Time': 0.0317, 'Number of Parameters': 8394410, 'Accuracy/Num Parameters': 9.159666968851891e-08, 'Accuracy/Inference Time': 24.2517, 'Confusion Matrix': array([[266,   1,   7,   2,   0,   2,   5,   0,   7,  10],
       [  1, 236,   3,   0,   0,   9,   0,   1,   4,  43],
       [  9,   7, 186,  24,   3,   2,  34,  15,  21,   1],
       [  7,   1,  11, 194,   5,   0,  11,   5,  35,   0],
       [  0,   0,   3,  17, 206,   0,   4,  25,   2,   0],
       [ 29,   8,  10,   7,   0,  83,   3,   0,  35,  12],
       [ 14,   1,  37,  24,   0,   3, 160,   1,  14,   0],
       [  0,   0,   2,  11,   5,   0,   3, 293,   0,   0],
       [ 18,   5,   3,  31,   1,   3,   1,   1, 182,   0],
       [  4,   1,   0,   0,   0,   0,   0,   0,   0, 270]])}
[2025-09-09 00:22:44,145][hydra.utils][INFO] - StudentNetLight - Predizione corretta: True=Residential, Pred=Residential - Layer: conv1
[2025-09-09 00:22:44,240][hydra.utils][INFO] - StudentNetLight - Predizione corretta: True=Residential, Pred=Residential - Layer: conv2
[2025-09-09 00:22:44,340][hydra.utils][INFO] - StudentNetLight - Predizione sbagliata: True=Forest, Pred=SeaLake - Layer: conv1
[2025-09-09 00:22:44,438][hydra.utils][INFO] - StudentNetLight - Predizione sbagliata: True=Forest, Pred=SeaLake - Layer: conv2
[2025-09-09 00:22:44,467][hydra.utils][INFO] - StudentNetLight model weights saved
[2025-09-09 00:22:44,467][hydra.utils][INFO] - 
Best Student: StudentResNet with Accuracy: 0.8833
[2025-09-09 00:22:44,467][hydra.utils][INFO] - 
Worst Student: SimpleNet with Accuracy: 0.753
[2025-09-09 00:22:44,473][hydra.utils][INFO] - 
=== Grad-CAM Comparison between Best (StudentResNet) and Worst (SimpleNet) Students ===
[2025-09-09 00:22:44,615][hydra.utils][INFO] - Confronto Grad-CAM: True=Industrial, StudentResNet Pred=Industrial, SimpleNet Pred=Residential
[2025-09-09 00:22:44,615][hydra.utils][INFO] - 
=== Final Results ===
[2025-09-09 00:22:44,615][hydra.utils][INFO] - 
Teacher: {'Loss': 0.115, 'Accuracy': 0.9663, 'Precision': 0.9657, 'Recall': 0.9655, 'F1 Score': 0.9655}

[2025-09-09 00:22:44,615][hydra.utils][INFO] - 
SimpleNet: {'Loss': 1.0767, 'Accuracy': 0.753, 'Precision': 0.7528, 'Recall': 0.7471, 'F1 Score': 0.7409, 'Total Inference Time': 76.4371, 'Single Img Average Inference Time': 0.0283, 'Number of Parameters': 1315818, 'Accuracy/Num Parameters': 5.722675932385786e-07, 'Accuracy/Inference Time': 26.5984, 'Confusion Matrix': array([[259,   1,   4,   5,   0,   8,  11,   0,   1,  11],
       [  0, 278,   2,   0,   0,   9,   0,   1,   1,   6],
       [ 12,   8, 163,  12,   3,  14,  50,  24,  13,   3],
       [ 18,   1,  10, 165,   2,  13,  22,  11,  26,   1],
       [  5,   0,   2,  22, 152,   0,   9,  61,   5,   1],
       [  7,   5,   4,   3,   0, 154,   7,   0,   5,   2],
       [ 22,   0,  33,  19,   1,  11, 148,   8,  12,   0],
       [  0,   0,   2,   2,   5,   0,   2, 303,   0,   0],
       [ 22,   9,   2,  28,   0,  18,   6,   8, 138,  14],
       [  0,   1,   0,   0,   0,   1,   0,   0,   0, 273]])}
[2025-09-09 00:22:44,778][hydra.utils][INFO] - 
StudentResNet: {'Loss': 0.4004, 'Accuracy': 0.8833, 'Precision': 0.9159, 'Recall': 0.8852, 'F1 Score': 0.8812, 'Total Inference Time': 381.7252, 'Single Img Average Inference Time': 0.1414, 'Number of Parameters': 168746, 'Accuracy/Num Parameters': 5.2344944472757875e-06, 'Accuracy/Inference Time': 6.2477, 'Confusion Matrix': array([[294,   0,   0,   0,   0,   0,   1,   0,   0,   5],
       [  3, 110, 168,   0,   0,   4,   0,   1,   2,   9],
       [  2,   0, 288,   0,   0,   1,   5,   4,   0,   2],
       [  2,   0,   1, 259,   0,   0,   2,   1,   4,   0],
       [  0,   0,   0,   6, 233,   0,   0,  18,   0,   0],
       [ 13,   0,   6,   0,   0, 166,   0,   0,   0,   2],
       [  8,   0,   7,   1,   1,   2, 235,   0,   0,   0],
       [  0,   0,   1,   0,   2,   0,   0, 311,   0,   0],
       [ 18,   0,   1,   6,   2,   0,   0,   0, 217,   1],
       [  2,   0,   0,   0,   0,   0,   0,   0,   1, 272]])}
[2025-09-09 00:22:44,935][hydra.utils][INFO] - 
StudentNetSeparable: {'Loss': 0.5618, 'Accuracy': 0.8593, 'Precision': 0.8619, 'Recall': 0.8597, 'F1 Score': 0.8519, 'Total Inference Time': 210.648, 'Single Img Average Inference Time': 0.078, 'Number of Parameters': 151237, 'Accuracy/Num Parameters': 5.681810668024359e-06, 'Accuracy/Inference Time': 11.0142, 'Confusion Matrix': array([[269,   0,   0,   0,   0,  16,   9,   0,   1,   5],
       [  0, 279,   2,   0,   0,  13,   0,   1,   2,   0],
       [  2,   1, 207,   5,   3,  19,  37,  12,  15,   1],
       [  7,   0,   4, 199,   5,  25,  20,   1,   8,   0],
       [  0,   0,   1,   5, 245,   0,   3,   3,   0,   0],
       [  3,   0,   1,   0,   0, 181,   0,   0,   1,   1],
       [  6,   0,  13,   2,   0,   9, 222,   1,   1,   0],
       [  0,   0,   0,   2,   7,   0,   1, 303,   1,   0],
       [ 17,   0,   1,  23,   2,  46,   5,   0, 150,   1],
       [  3,   0,   0,   0,   0,   4,   0,   0,   3, 265]])}
[2025-09-09 00:22:45,101][hydra.utils][INFO] - 
StudentNetDepthwiseSkip: {'Loss': 0.6674, 'Accuracy': 0.7852, 'Precision': 0.7998, 'Recall': 0.7829, 'F1 Score': 0.781, 'Total Inference Time': 268.6834, 'Single Img Average Inference Time': 0.0995, 'Number of Parameters': 153285, 'Accuracy/Num Parameters': 5.122484261343249e-06, 'Accuracy/Inference Time': 7.8905, 'Confusion Matrix': array([[275,   1,   2,   0,   0,   5,   0,   0,   8,   9],
       [  0, 203,   6,   1,   0,   4,   0,   0,   0,  83],
       [  7,   1, 228,  14,   3,   7,  31,   0,   8,   3],
       [ 16,   0,   5, 180,   6,   0,   8,   0,  54,   0],
       [  0,   0,   0,   7, 246,   0,   3,   0,   1,   0],
       [  5,   9,  10,   2,   0, 130,   0,   0,  25,   6],
       [ 29,   0,  26,  21,   1,   2, 151,   0,  24,   0],
       [  0,   0,  19,  30,  30,   0,   4, 230,   1,   0],
       [  8,   2,   4,  20,   2,   2,   0,   0, 204,   3],
       [  1,   0,   0,   0,   0,   0,   0,   0,   1, 273]])}
[2025-09-09 00:22:45,258][hydra.utils][INFO] - 
StudentNetLight: {'Loss': 0.9309, 'Accuracy': 0.7689, 'Precision': 0.7751, 'Recall': 0.7551, 'F1 Score': 0.7556, 'Total Inference Time': 85.6036, 'Single Img Average Inference Time': 0.0317, 'Number of Parameters': 8394410, 'Accuracy/Num Parameters': 9.159666968851891e-08, 'Accuracy/Inference Time': 24.2517, 'Confusion Matrix': array([[266,   1,   7,   2,   0,   2,   5,   0,   7,  10],
       [  1, 236,   3,   0,   0,   9,   0,   1,   4,  43],
       [  9,   7, 186,  24,   3,   2,  34,  15,  21,   1],
       [  7,   1,  11, 194,   5,   0,  11,   5,  35,   0],
       [  0,   0,   3,  17, 206,   0,   4,  25,   2,   0],
       [ 29,   8,  10,   7,   0,  83,   3,   0,  35,  12],
       [ 14,   1,  37,  24,   0,   3, 160,   1,  14,   0],
       [  0,   0,   2,  11,   5,   0,   3, 293,   0,   0],
       [ 18,   5,   3,  31,   1,   3,   1,   1, 182,   0],
       [  4,   1,   0,   0,   0,   0,   0,   0,   0, 270]])}
[2025-09-09 00:22:45,506][hydra.utils][INFO] - All models trained and evaluated successfully.
