[2025-09-09 00:39:03,645][hydra.utils][INFO] - 
=== Configurations ===
t_epochs: 5
s_epochs: 20
data_dir: ./data
batch_size: 64
num_classes: 10
alpha: 0.7
temperature: 3.0
seed: 43

[2025-09-09 00:39:03,645][hydra.utils][INFO] - 
learning rate: 0.002

[2025-09-09 00:39:03,686][hydra.utils][INFO] - 
device: cuda

[2025-09-09 00:39:08,187][hydra.utils][INFO] - 
=== Training Teacher EfficientNet-B4 ===
[2025-09-09 00:39:41,567][hydra.utils][INFO] - 
Epoch 1/5, Loss: 0.4927, Accuracy: 0.8425
[2025-09-09 00:40:14,659][hydra.utils][INFO] - 
Epoch 2/5, Loss: 0.1834, Accuracy: 0.9416
[2025-09-09 00:40:47,774][hydra.utils][INFO] - 
Epoch 3/5, Loss: 0.1109, Accuracy: 0.9653
[2025-09-09 00:41:20,920][hydra.utils][INFO] - 
Epoch 4/5, Loss: 0.0999, Accuracy: 0.9685
[2025-09-09 00:41:54,117][hydra.utils][INFO] - 
Epoch 5/5, Loss: 0.0858, Accuracy: 0.9744
[2025-09-09 00:41:55,572][hydra.utils][INFO] - 
TEACHER - Test Metrics: {'Loss': 0.0921, 'Accuracy': 0.9726, 'Precision': 0.9724, 'Recall': 0.9701, 'F1 Score': 0.971}
[2025-09-09 00:41:55,572][hydra.utils][INFO] - 
=== Training SimpleNet with Teacher EfficientNet-B4 ===
[2025-09-09 00:42:09,566][hydra.utils][INFO] - 
Epoch 1/20, Loss: 1.1485, Accuracy: 0.5860.
Validation Metrics:
 {'Loss': 0.9671, 'Accuracy': 0.7141, 'Precision': 0.7268, 'Recall': 0.7043, 'F1 Score': 0.695}
[2025-09-09 00:42:09,566][hydra.utils][INFO] - Miglioramento trovato, modello salvato in memoria
[2025-09-09 00:42:23,558][hydra.utils][INFO] - 
Epoch 2/20, Loss: 0.6081, Accuracy: 0.7872.
Validation Metrics:
 {'Loss': 0.6972, 'Accuracy': 0.7848, 'Precision': 0.7826, 'Recall': 0.7799, 'F1 Score': 0.7794}
[2025-09-09 00:42:23,558][hydra.utils][INFO] - Miglioramento trovato, modello salvato in memoria
[2025-09-09 00:42:37,531][hydra.utils][INFO] - 
Epoch 3/20, Loss: 0.3927, Accuracy: 0.8842.
Validation Metrics:
 {'Loss': 0.7464, 'Accuracy': 0.787, 'Precision': 0.784, 'Recall': 0.7776, 'F1 Score': 0.7777}
[2025-09-09 00:42:37,531][hydra.utils][INFO] - ⏸ Nessun miglioramento (1/4)
[2025-09-09 00:42:51,513][hydra.utils][INFO] - 
Epoch 4/20, Loss: 0.2837, Accuracy: 0.9324.
Validation Metrics:
 {'Loss': 0.7973, 'Accuracy': 0.7989, 'Precision': 0.7955, 'Recall': 0.7922, 'F1 Score': 0.7924}
[2025-09-09 00:42:51,513][hydra.utils][INFO] - ⏸ Nessun miglioramento (2/4)
[2025-09-09 00:43:05,479][hydra.utils][INFO] - 
Epoch 5/20, Loss: 0.1980, Accuracy: 0.9668.
Validation Metrics:
 {'Loss': 0.8476, 'Accuracy': 0.7904, 'Precision': 0.7855, 'Recall': 0.7815, 'F1 Score': 0.781}
[2025-09-09 00:43:05,479][hydra.utils][INFO] - ⏸ Nessun miglioramento (3/4)
[2025-09-09 00:43:19,438][hydra.utils][INFO] - 
Epoch 6/20, Loss: 0.1535, Accuracy: 0.9801.
Validation Metrics:
 {'Loss': 0.9463, 'Accuracy': 0.7781, 'Precision': 0.7716, 'Recall': 0.7719, 'F1 Score': 0.7699}
[2025-09-09 00:43:19,438][hydra.utils][INFO] - ⏸ Nessun miglioramento (4/4)
[2025-09-09 00:43:19,438][hydra.utils][INFO] - Early stopping attivato
[2025-09-09 00:43:19,438][hydra.utils][INFO] - Modello ripristinato ai pesi migliori
[2025-09-09 00:43:20,009][hydra.utils][INFO] - 
SimpleNet - Test Metrics: {'Loss': 0.8979, 'Accuracy': 0.7826, 'Precision': 0.7782, 'Recall': 0.7732, 'F1 Score': 0.7737, 'Total Inference Time': 75.0736, 'Single Img Average Inference Time': 0.0278, 'Number of Parameters': 1315818, 'Accuracy/Num Parameters': 5.94763105535872e-07, 'Accuracy/Inference Time': 28.146, 'Confusion Matrix': array([[251,   1,   6,   3,   0,   9,   5,   1,  15,   3],
       [  0, 313,   1,   0,   0,   9,   0,   0,   0,   1],
       [ 12,   3, 203,   7,   1,   4,  30,  10,   8,   0],
       [ 18,   2,   8, 154,   2,   7,  27,  11,  40,   0],
       [  1,   0,   3,   6, 192,   0,  11,  30,   4,   0],
       [  3,   8,  13,   5,   0, 137,   7,   1,  11,   0],
       [ 24,   0,  43,  14,   4,   4, 137,   1,  14,   0],
       [  0,   4,   7,   1,   6,   0,   7, 266,   0,   0],
       [ 11,  13,  11,  32,   3,   5,   8,   7, 190,   3],
       [  6,   1,   0,   0,   0,   5,   0,   0,   6, 270]])}
[2025-09-09 00:43:20,233][hydra.utils][INFO] - SimpleNet - Predizione corretta: True=River, Pred=River - Layer: conv1
[2025-09-09 00:43:20,317][hydra.utils][INFO] - SimpleNet - Predizione corretta: True=River, Pred=River - Layer: conv2
[2025-09-09 00:43:20,397][hydra.utils][INFO] - SimpleNet - Predizione sbagliata: True=HerbaceousVegetation, Pred=Residential - Layer: conv1
[2025-09-09 00:43:20,475][hydra.utils][INFO] - SimpleNet - Predizione sbagliata: True=HerbaceousVegetation, Pred=Residential - Layer: conv2
[2025-09-09 00:43:20,480][hydra.utils][INFO] - SimpleNet model weights saved
[2025-09-09 00:43:20,481][hydra.utils][INFO] - 
=== Training StudentResNet with Teacher EfficientNet-B4 ===
[2025-09-09 00:43:43,086][hydra.utils][INFO] - 
Epoch 1/20, Loss: 0.8011, Accuracy: 0.6963.
Validation Metrics:
 {'Loss': 0.8062, 'Accuracy': 0.7467, 'Precision': 0.7569, 'Recall': 0.7425, 'F1 Score': 0.7405}
[2025-09-09 00:43:43,086][hydra.utils][INFO] - Miglioramento trovato, modello salvato in memoria
[2025-09-09 00:44:05,921][hydra.utils][INFO] - 
Epoch 2/20, Loss: 0.5337, Accuracy: 0.7973.
Validation Metrics:
 {'Loss': 2.2842, 'Accuracy': 0.6815, 'Precision': 0.7677, 'Recall': 0.6688, 'F1 Score': 0.6484}
[2025-09-09 00:44:05,921][hydra.utils][INFO] - ⏸ Nessun miglioramento (1/4)
[2025-09-09 00:44:28,976][hydra.utils][INFO] - 
Epoch 3/20, Loss: 0.4427, Accuracy: 0.8375.
Validation Metrics:
 {'Loss': 0.6503, 'Accuracy': 0.8122, 'Precision': 0.8254, 'Recall': 0.8041, 'F1 Score': 0.7994}
[2025-09-09 00:44:28,976][hydra.utils][INFO] - Miglioramento trovato, modello salvato in memoria
[2025-09-09 00:44:52,029][hydra.utils][INFO] - 
Epoch 4/20, Loss: 0.3635, Accuracy: 0.8695.
Validation Metrics:
 {'Loss': 0.332, 'Accuracy': 0.8978, 'Precision': 0.8956, 'Recall': 0.895, 'F1 Score': 0.8944}
[2025-09-09 00:44:52,029][hydra.utils][INFO] - Miglioramento trovato, modello salvato in memoria
[2025-09-09 00:45:15,125][hydra.utils][INFO] - 
Epoch 5/20, Loss: 0.3252, Accuracy: 0.8849.
Validation Metrics:
 {'Loss': 0.3296, 'Accuracy': 0.8896, 'Precision': 0.8903, 'Recall': 0.8851, 'F1 Score': 0.8853}
[2025-09-09 00:45:15,125][hydra.utils][INFO] - Miglioramento trovato, modello salvato in memoria
[2025-09-09 00:45:38,239][hydra.utils][INFO] - 
Epoch 6/20, Loss: 0.2799, Accuracy: 0.9024.
Validation Metrics:
 {'Loss': 0.3373, 'Accuracy': 0.8915, 'Precision': 0.9017, 'Recall': 0.8916, 'F1 Score': 0.891}
[2025-09-09 00:45:38,239][hydra.utils][INFO] - ⏸ Nessun miglioramento (1/4)
[2025-09-09 00:46:01,418][hydra.utils][INFO] - 
Epoch 7/20, Loss: 0.2518, Accuracy: 0.9149.
Validation Metrics:
 {'Loss': 0.583, 'Accuracy': 0.8422, 'Precision': 0.87, 'Recall': 0.8425, 'F1 Score': 0.8386}
[2025-09-09 00:46:01,418][hydra.utils][INFO] - ⏸ Nessun miglioramento (2/4)
[2025-09-09 00:46:24,558][hydra.utils][INFO] - 
Epoch 8/20, Loss: 0.2302, Accuracy: 0.9226.
Validation Metrics:
 {'Loss': 0.2095, 'Accuracy': 0.9367, 'Precision': 0.9365, 'Recall': 0.936, 'F1 Score': 0.9354}
[2025-09-09 00:46:24,558][hydra.utils][INFO] - Miglioramento trovato, modello salvato in memoria
[2025-09-09 00:46:47,737][hydra.utils][INFO] - 
Epoch 9/20, Loss: 0.2118, Accuracy: 0.9321.
Validation Metrics:
 {'Loss': 0.3324, 'Accuracy': 0.8904, 'Precision': 0.9026, 'Recall': 0.8812, 'F1 Score': 0.8823}
[2025-09-09 00:46:47,737][hydra.utils][INFO] - ⏸ Nessun miglioramento (1/4)
[2025-09-09 00:47:10,918][hydra.utils][INFO] - 
Epoch 10/20, Loss: 0.1968, Accuracy: 0.9372.
Validation Metrics:
 {'Loss': 0.4408, 'Accuracy': 0.8741, 'Precision': 0.8958, 'Recall': 0.8699, 'F1 Score': 0.8671}
[2025-09-09 00:47:10,918][hydra.utils][INFO] - ⏸ Nessun miglioramento (2/4)
[2025-09-09 00:47:34,235][hydra.utils][INFO] - 
Epoch 11/20, Loss: 0.1895, Accuracy: 0.9394.
Validation Metrics:
 {'Loss': 0.4933, 'Accuracy': 0.8719, 'Precision': 0.9061, 'Recall': 0.8733, 'F1 Score': 0.8759}
[2025-09-09 00:47:34,235][hydra.utils][INFO] - ⏸ Nessun miglioramento (3/4)
[2025-09-09 00:47:57,562][hydra.utils][INFO] - 
Epoch 12/20, Loss: 0.1800, Accuracy: 0.9439.
Validation Metrics:
 {'Loss': 0.1849, 'Accuracy': 0.9396, 'Precision': 0.9445, 'Recall': 0.9355, 'F1 Score': 0.9377}
[2025-09-09 00:47:57,562][hydra.utils][INFO] - Miglioramento trovato, modello salvato in memoria
[2025-09-09 00:48:20,861][hydra.utils][INFO] - 
Epoch 13/20, Loss: 0.1686, Accuracy: 0.9502.
Validation Metrics:
 {'Loss': 0.3078, 'Accuracy': 0.8974, 'Precision': 0.9105, 'Recall': 0.8928, 'F1 Score': 0.8946}
[2025-09-09 00:48:20,861][hydra.utils][INFO] - ⏸ Nessun miglioramento (1/4)
[2025-09-09 00:48:44,187][hydra.utils][INFO] - 
Epoch 14/20, Loss: 0.1586, Accuracy: 0.9519.
Validation Metrics:
 {'Loss': 0.1906, 'Accuracy': 0.9404, 'Precision': 0.9415, 'Recall': 0.9394, 'F1 Score': 0.9385}
[2025-09-09 00:48:44,187][hydra.utils][INFO] - ⏸ Nessun miglioramento (2/4)
[2025-09-09 00:49:07,500][hydra.utils][INFO] - 
Epoch 15/20, Loss: 0.1518, Accuracy: 0.9568.
Validation Metrics:
 {'Loss': 0.2486, 'Accuracy': 0.9215, 'Precision': 0.9304, 'Recall': 0.9192, 'F1 Score': 0.9218}
[2025-09-09 00:49:07,500][hydra.utils][INFO] - ⏸ Nessun miglioramento (3/4)
[2025-09-09 00:49:30,841][hydra.utils][INFO] - 
Epoch 16/20, Loss: 0.1441, Accuracy: 0.9577.
Validation Metrics:
 {'Loss': 0.1216, 'Accuracy': 0.9578, 'Precision': 0.9579, 'Recall': 0.9571, 'F1 Score': 0.957}
[2025-09-09 00:49:30,842][hydra.utils][INFO] - Miglioramento trovato, modello salvato in memoria
[2025-09-09 00:49:54,174][hydra.utils][INFO] - 
Epoch 17/20, Loss: 0.1420, Accuracy: 0.9603.
Validation Metrics:
 {'Loss': 0.2117, 'Accuracy': 0.9404, 'Precision': 0.942, 'Recall': 0.9407, 'F1 Score': 0.9393}
[2025-09-09 00:49:54,174][hydra.utils][INFO] - ⏸ Nessun miglioramento (1/4)
[2025-09-09 00:50:17,545][hydra.utils][INFO] - 
Epoch 18/20, Loss: 0.1388, Accuracy: 0.9606.
Validation Metrics:
 {'Loss': 0.1974, 'Accuracy': 0.9389, 'Precision': 0.9411, 'Recall': 0.9376, 'F1 Score': 0.9375}
[2025-09-09 00:50:17,545][hydra.utils][INFO] - ⏸ Nessun miglioramento (2/4)
[2025-09-09 00:50:40,921][hydra.utils][INFO] - 
Epoch 19/20, Loss: 0.1345, Accuracy: 0.9640.
Validation Metrics:
 {'Loss': 0.1404, 'Accuracy': 0.9526, 'Precision': 0.9527, 'Recall': 0.9515, 'F1 Score': 0.9514}
[2025-09-09 00:50:40,922][hydra.utils][INFO] - ⏸ Nessun miglioramento (3/4)
[2025-09-09 00:51:04,279][hydra.utils][INFO] - 
Epoch 20/20, Loss: 0.1276, Accuracy: 0.9659.
Validation Metrics:
 {'Loss': 0.1326, 'Accuracy': 0.9541, 'Precision': 0.9553, 'Recall': 0.9516, 'F1 Score': 0.9521}
[2025-09-09 00:51:04,279][hydra.utils][INFO] - ⏸ Nessun miglioramento (4/4)
[2025-09-09 00:51:04,279][hydra.utils][INFO] - Early stopping attivato
[2025-09-09 00:51:04,279][hydra.utils][INFO] - Modello ripristinato ai pesi migliori
[2025-09-09 00:51:05,237][hydra.utils][INFO] - 
StudentResNet - Test Metrics: {'Loss': 0.1508, 'Accuracy': 0.9574, 'Precision': 0.9583, 'Recall': 0.9563, 'F1 Score': 0.9559, 'Total Inference Time': 381.5257, 'Single Img Average Inference Time': 0.1413, 'Number of Parameters': 168746, 'Accuracy/Num Parameters': 5.6736159671932965e-06, 'Accuracy/Inference Time': 6.7754, 'Confusion Matrix': array([[288,   0,   1,   0,   0,   3,   0,   0,   0,   2],
       [  0, 312,   1,   0,   0,  10,   0,   0,   0,   1],
       [  1,   0, 272,   0,   1,   2,   2,   0,   0,   0],
       [  7,   0,   1, 253,   1,   0,   3,   2,   2,   0],
       [  0,   0,   3,   0, 241,   0,   0,   3,   0,   0],
       [  0,   0,   3,   0,   0, 182,   0,   0,   0,   0],
       [ 10,   0,  26,   0,   2,   1, 201,   1,   0,   0],
       [  0,   0,   0,   0,   0,   0,   0, 291,   0,   0],
       [ 13,   1,   3,   4,   1,   1,   0,   0, 258,   2],
       [  0,   0,   0,   0,   0,   0,   0,   0,   1, 287]])}
[2025-09-09 00:51:05,360][hydra.utils][INFO] - StudentResNet - Predizione corretta: True=HerbaceousVegetation, Pred=HerbaceousVegetation - Layer: conv1
[2025-09-09 00:51:05,445][hydra.utils][INFO] - StudentResNet - Predizione corretta: True=HerbaceousVegetation, Pred=HerbaceousVegetation - Layer: conv2
[2025-09-09 00:51:05,552][hydra.utils][INFO] - StudentResNet - Predizione corretta: True=HerbaceousVegetation, Pred=HerbaceousVegetation - Layer: residual_block
[2025-09-09 00:51:05,642][hydra.utils][INFO] - StudentResNet - Predizione corretta: True=HerbaceousVegetation, Pred=HerbaceousVegetation - Layer: conv3
[2025-09-09 00:51:05,730][hydra.utils][INFO] - StudentResNet - Predizione sbagliata: True=PermanentCrop, Pred=HerbaceousVegetation - Layer: conv1
[2025-09-09 00:51:05,889][hydra.utils][INFO] - StudentResNet - Predizione sbagliata: True=PermanentCrop, Pred=HerbaceousVegetation - Layer: conv2
[2025-09-09 00:51:05,982][hydra.utils][INFO] - StudentResNet - Predizione sbagliata: True=PermanentCrop, Pred=HerbaceousVegetation - Layer: residual_block
[2025-09-09 00:51:06,066][hydra.utils][INFO] - StudentResNet - Predizione sbagliata: True=PermanentCrop, Pred=HerbaceousVegetation - Layer: conv3
[2025-09-09 00:51:06,068][hydra.utils][INFO] - StudentResNet model weights saved
[2025-09-09 00:51:06,068][hydra.utils][INFO] - 
=== Training StudentNetSeparable with Teacher EfficientNet-B4 ===
[2025-09-09 00:51:24,414][hydra.utils][INFO] - 
Epoch 1/20, Loss: 0.9274, Accuracy: 0.6309.
Validation Metrics:
 {'Loss': 0.6828, 'Accuracy': 0.76, 'Precision': 0.7491, 'Recall': 0.7491, 'F1 Score': 0.7439}
[2025-09-09 00:51:24,414][hydra.utils][INFO] - Miglioramento trovato, modello salvato in memoria
[2025-09-09 00:51:42,802][hydra.utils][INFO] - 
Epoch 2/20, Loss: 0.6704, Accuracy: 0.7419.
Validation Metrics:
 {'Loss': 0.7924, 'Accuracy': 0.7593, 'Precision': 0.7537, 'Recall': 0.7534, 'F1 Score': 0.7459}
[2025-09-09 00:51:42,802][hydra.utils][INFO] - ⏸ Nessun miglioramento (1/4)
[2025-09-09 00:52:01,138][hydra.utils][INFO] - 
Epoch 3/20, Loss: 0.6073, Accuracy: 0.7699.
Validation Metrics:
 {'Loss': 1.1423, 'Accuracy': 0.6841, 'Precision': 0.7343, 'Recall': 0.6769, 'F1 Score': 0.6678}
[2025-09-09 00:52:01,138][hydra.utils][INFO] - ⏸ Nessun miglioramento (2/4)
[2025-09-09 00:52:19,461][hydra.utils][INFO] - 
Epoch 4/20, Loss: 0.5683, Accuracy: 0.7847.
Validation Metrics:
 {'Loss': 0.7252, 'Accuracy': 0.7793, 'Precision': 0.7856, 'Recall': 0.7833, 'F1 Score': 0.7718}
[2025-09-09 00:52:19,461][hydra.utils][INFO] - ⏸ Nessun miglioramento (3/4)
[2025-09-09 00:52:37,821][hydra.utils][INFO] - 
Epoch 5/20, Loss: 0.5312, Accuracy: 0.8008.
Validation Metrics:
 {'Loss': 0.6175, 'Accuracy': 0.8, 'Precision': 0.8087, 'Recall': 0.7843, 'F1 Score': 0.7884}
[2025-09-09 00:52:37,821][hydra.utils][INFO] - Miglioramento trovato, modello salvato in memoria
[2025-09-09 00:52:56,143][hydra.utils][INFO] - 
Epoch 6/20, Loss: 0.5007, Accuracy: 0.8144.
Validation Metrics:
 {'Loss': 0.5352, 'Accuracy': 0.8337, 'Precision': 0.8326, 'Recall': 0.8269, 'F1 Score': 0.8262}
[2025-09-09 00:52:56,143][hydra.utils][INFO] - Miglioramento trovato, modello salvato in memoria
[2025-09-09 00:53:14,420][hydra.utils][INFO] - 
Epoch 7/20, Loss: 0.4846, Accuracy: 0.8244.
Validation Metrics:
 {'Loss': 0.4572, 'Accuracy': 0.8522, 'Precision': 0.8455, 'Recall': 0.8478, 'F1 Score': 0.8445}
[2025-09-09 00:53:14,420][hydra.utils][INFO] - Miglioramento trovato, modello salvato in memoria
[2025-09-09 00:53:32,776][hydra.utils][INFO] - 
Epoch 8/20, Loss: 0.4590, Accuracy: 0.8344.
Validation Metrics:
 {'Loss': 0.4838, 'Accuracy': 0.8389, 'Precision': 0.8338, 'Recall': 0.835, 'F1 Score': 0.8303}
[2025-09-09 00:53:32,776][hydra.utils][INFO] - ⏸ Nessun miglioramento (1/4)
[2025-09-09 00:53:51,113][hydra.utils][INFO] - 
Epoch 9/20, Loss: 0.4476, Accuracy: 0.8384.
Validation Metrics:
 {'Loss': 0.4716, 'Accuracy': 0.8489, 'Precision': 0.8524, 'Recall': 0.8412, 'F1 Score': 0.8452}
[2025-09-09 00:53:51,113][hydra.utils][INFO] - ⏸ Nessun miglioramento (2/4)
[2025-09-09 00:54:09,415][hydra.utils][INFO] - 
Epoch 10/20, Loss: 0.4255, Accuracy: 0.8491.
Validation Metrics:
 {'Loss': 0.4419, 'Accuracy': 0.8504, 'Precision': 0.8503, 'Recall': 0.8455, 'F1 Score': 0.8449}
[2025-09-09 00:54:09,416][hydra.utils][INFO] - Miglioramento trovato, modello salvato in memoria
[2025-09-09 00:54:27,766][hydra.utils][INFO] - 
Epoch 11/20, Loss: 0.4231, Accuracy: 0.8503.
Validation Metrics:
 {'Loss': 0.4431, 'Accuracy': 0.8474, 'Precision': 0.8455, 'Recall': 0.8453, 'F1 Score': 0.8428}
[2025-09-09 00:54:27,766][hydra.utils][INFO] - ⏸ Nessun miglioramento (1/4)
[2025-09-09 00:54:46,138][hydra.utils][INFO] - 
Epoch 12/20, Loss: 0.4072, Accuracy: 0.8568.
Validation Metrics:
 {'Loss': 0.5605, 'Accuracy': 0.8326, 'Precision': 0.8351, 'Recall': 0.8285, 'F1 Score': 0.8228}
[2025-09-09 00:54:46,138][hydra.utils][INFO] - ⏸ Nessun miglioramento (2/4)
[2025-09-09 00:55:04,505][hydra.utils][INFO] - 
Epoch 13/20, Loss: 0.3936, Accuracy: 0.8614.
Validation Metrics:
 {'Loss': 0.3966, 'Accuracy': 0.8722, 'Precision': 0.872, 'Recall': 0.8701, 'F1 Score': 0.8687}
[2025-09-09 00:55:04,505][hydra.utils][INFO] - Miglioramento trovato, modello salvato in memoria
[2025-09-09 00:55:22,844][hydra.utils][INFO] - 
Epoch 14/20, Loss: 0.3874, Accuracy: 0.8622.
Validation Metrics:
 {'Loss': 0.4223, 'Accuracy': 0.8681, 'Precision': 0.8667, 'Recall': 0.8664, 'F1 Score': 0.8629}
[2025-09-09 00:55:22,844][hydra.utils][INFO] - ⏸ Nessun miglioramento (1/4)
[2025-09-09 00:55:41,194][hydra.utils][INFO] - 
Epoch 15/20, Loss: 0.3803, Accuracy: 0.8652.
Validation Metrics:
 {'Loss': 0.5103, 'Accuracy': 0.8589, 'Precision': 0.8628, 'Recall': 0.8549, 'F1 Score': 0.8567}
[2025-09-09 00:55:41,194][hydra.utils][INFO] - ⏸ Nessun miglioramento (2/4)
[2025-09-09 00:55:59,503][hydra.utils][INFO] - 
Epoch 16/20, Loss: 0.3679, Accuracy: 0.8699.
Validation Metrics:
 {'Loss': 0.5815, 'Accuracy': 0.82, 'Precision': 0.8504, 'Recall': 0.8104, 'F1 Score': 0.8188}
[2025-09-09 00:55:59,503][hydra.utils][INFO] - ⏸ Nessun miglioramento (3/4)
[2025-09-09 00:56:17,832][hydra.utils][INFO] - 
Epoch 17/20, Loss: 0.3608, Accuracy: 0.8719.
Validation Metrics:
 {'Loss': 0.4634, 'Accuracy': 0.857, 'Precision': 0.8535, 'Recall': 0.8584, 'F1 Score': 0.8517}
[2025-09-09 00:56:17,832][hydra.utils][INFO] - ⏸ Nessun miglioramento (4/4)
[2025-09-09 00:56:17,832][hydra.utils][INFO] - Early stopping attivato
[2025-09-09 00:56:17,832][hydra.utils][INFO] - Modello ripristinato ai pesi migliori
[2025-09-09 00:56:18,610][hydra.utils][INFO] - 
StudentNetSeparable - Test Metrics: {'Loss': 0.4136, 'Accuracy': 0.8756, 'Precision': 0.8712, 'Recall': 0.8737, 'F1 Score': 0.8697, 'Total Inference Time': 210.3856, 'Single Img Average Inference Time': 0.0779, 'Number of Parameters': 151237, 'Accuracy/Num Parameters': 5.789588526617164e-06, 'Accuracy/Inference Time': 11.2371, 'Confusion Matrix': array([[261,   1,   4,   3,   1,   7,  11,   0,   1,   5],
       [  0, 313,   0,   0,   0,   7,   0,   0,   3,   1],
       [  2,   8, 212,   3,   3,   8,  24,  11,   7,   0],
       [  6,   0,   9, 180,   6,  11,  17,  12,  28,   0],
       [  0,   0,   4,   3, 226,   0,   0,  14,   0,   0],
       [  0,   3,   7,   1,   0, 172,   0,   0,   1,   1],
       [  5,   0,  28,   4,   3,   2, 192,   1,   6,   0],
       [  0,   0,   2,   0,   0,   0,   0, 289,   0,   0],
       [  5,   3,   1,  10,   1,  18,   3,   0, 238,   4],
       [  0,   2,   0,   0,   0,   2,   0,   0,   3, 281]])}
[2025-09-09 00:56:18,724][hydra.utils][INFO] - StudentNetSeparable - Predizione corretta: True=River, Pred=River - Layer: depthwise
[2025-09-09 00:56:18,808][hydra.utils][INFO] - StudentNetSeparable - Predizione corretta: True=River, Pred=River - Layer: pointwise
[2025-09-09 00:56:18,895][hydra.utils][INFO] - StudentNetSeparable - Predizione corretta: True=River, Pred=River - Layer: conv2
[2025-09-09 00:56:18,986][hydra.utils][INFO] - StudentNetSeparable - Predizione sbagliata: True=HerbaceousVegetation, Pred=Residential - Layer: depthwise
[2025-09-09 00:56:19,073][hydra.utils][INFO] - StudentNetSeparable - Predizione sbagliata: True=HerbaceousVegetation, Pred=Residential - Layer: pointwise
[2025-09-09 00:56:19,165][hydra.utils][INFO] - StudentNetSeparable - Predizione sbagliata: True=HerbaceousVegetation, Pred=Residential - Layer: conv2
[2025-09-09 00:56:19,168][hydra.utils][INFO] - StudentNetSeparable model weights saved
[2025-09-09 00:56:19,168][hydra.utils][INFO] - 
=== Training StudentNetDepthwiseSkip with Teacher EfficientNet-B4 ===
[2025-09-09 00:56:38,600][hydra.utils][INFO] - 
Epoch 1/20, Loss: 0.9660, Accuracy: 0.6157.
Validation Metrics:
 {'Loss': 0.8457, 'Accuracy': 0.7156, 'Precision': 0.704, 'Recall': 0.7139, 'F1 Score': 0.6906}
[2025-09-09 00:56:38,600][hydra.utils][INFO] - Miglioramento trovato, modello salvato in memoria
[2025-09-09 00:56:58,075][hydra.utils][INFO] - 
Epoch 2/20, Loss: 0.6683, Accuracy: 0.7407.
Validation Metrics:
 {'Loss': 0.748, 'Accuracy': 0.7644, 'Precision': 0.7689, 'Recall': 0.7714, 'F1 Score': 0.7566}
[2025-09-09 00:56:58,075][hydra.utils][INFO] - Miglioramento trovato, modello salvato in memoria
[2025-09-09 00:57:17,569][hydra.utils][INFO] - 
Epoch 3/20, Loss: 0.5750, Accuracy: 0.7837.
Validation Metrics:
 {'Loss': 0.5642, 'Accuracy': 0.8178, 'Precision': 0.8226, 'Recall': 0.8175, 'F1 Score': 0.8113}
[2025-09-09 00:57:17,569][hydra.utils][INFO] - Miglioramento trovato, modello salvato in memoria
[2025-09-09 00:57:37,030][hydra.utils][INFO] - 
Epoch 4/20, Loss: 0.5133, Accuracy: 0.8085.
Validation Metrics:
 {'Loss': 0.4632, 'Accuracy': 0.8378, 'Precision': 0.8334, 'Recall': 0.8335, 'F1 Score': 0.8316}
[2025-09-09 00:57:37,030][hydra.utils][INFO] - Miglioramento trovato, modello salvato in memoria
[2025-09-09 00:57:56,530][hydra.utils][INFO] - 
Epoch 5/20, Loss: 0.4617, Accuracy: 0.8325.
Validation Metrics:
 {'Loss': 0.6028, 'Accuracy': 0.8115, 'Precision': 0.835, 'Recall': 0.8057, 'F1 Score': 0.8118}
[2025-09-09 00:57:56,530][hydra.utils][INFO] - ⏸ Nessun miglioramento (1/4)
[2025-09-09 00:58:15,982][hydra.utils][INFO] - 
Epoch 6/20, Loss: 0.4451, Accuracy: 0.8389.
Validation Metrics:
 {'Loss': 0.4858, 'Accuracy': 0.8411, 'Precision': 0.8361, 'Recall': 0.8384, 'F1 Score': 0.8344}
[2025-09-09 00:58:15,982][hydra.utils][INFO] - ⏸ Nessun miglioramento (2/4)
[2025-09-09 00:58:35,450][hydra.utils][INFO] - 
Epoch 7/20, Loss: 0.4173, Accuracy: 0.8506.
Validation Metrics:
 {'Loss': 0.4589, 'Accuracy': 0.8548, 'Precision': 0.8558, 'Recall': 0.8552, 'F1 Score': 0.8471}
[2025-09-09 00:58:35,451][hydra.utils][INFO] - Miglioramento trovato, modello salvato in memoria
[2025-09-09 00:58:54,925][hydra.utils][INFO] - 
Epoch 8/20, Loss: 0.4006, Accuracy: 0.8583.
Validation Metrics:
 {'Loss': 0.3661, 'Accuracy': 0.877, 'Precision': 0.8774, 'Recall': 0.8707, 'F1 Score': 0.8727}
[2025-09-09 00:58:54,926][hydra.utils][INFO] - Miglioramento trovato, modello salvato in memoria
[2025-09-09 00:59:14,386][hydra.utils][INFO] - 
Epoch 9/20, Loss: 0.3776, Accuracy: 0.8670.
Validation Metrics:
 {'Loss': 0.4957, 'Accuracy': 0.8359, 'Precision': 0.841, 'Recall': 0.8376, 'F1 Score': 0.8324}
[2025-09-09 00:59:14,386][hydra.utils][INFO] - ⏸ Nessun miglioramento (1/4)
[2025-09-09 00:59:33,849][hydra.utils][INFO] - 
Epoch 10/20, Loss: 0.3793, Accuracy: 0.8652.
Validation Metrics:
 {'Loss': 0.4178, 'Accuracy': 0.8667, 'Precision': 0.8663, 'Recall': 0.8673, 'F1 Score': 0.8621}
[2025-09-09 00:59:33,849][hydra.utils][INFO] - ⏸ Nessun miglioramento (2/4)
[2025-09-09 00:59:53,337][hydra.utils][INFO] - 
Epoch 11/20, Loss: 0.3519, Accuracy: 0.8741.
Validation Metrics:
 {'Loss': 0.4014, 'Accuracy': 0.8785, 'Precision': 0.8782, 'Recall': 0.8771, 'F1 Score': 0.8755}
[2025-09-09 00:59:53,337][hydra.utils][INFO] - ⏸ Nessun miglioramento (3/4)
[2025-09-09 01:00:12,844][hydra.utils][INFO] - 
Epoch 12/20, Loss: 0.3386, Accuracy: 0.8818.
Validation Metrics:
 {'Loss': 0.3814, 'Accuracy': 0.8819, 'Precision': 0.8826, 'Recall': 0.8789, 'F1 Score': 0.8778}
[2025-09-09 01:00:12,844][hydra.utils][INFO] - ⏸ Nessun miglioramento (4/4)
[2025-09-09 01:00:12,844][hydra.utils][INFO] - Early stopping attivato
[2025-09-09 01:00:12,845][hydra.utils][INFO] - Modello ripristinato ai pesi migliori
[2025-09-09 01:00:13,685][hydra.utils][INFO] - 
StudentNetDepthwiseSkip - Test Metrics: {'Loss': 0.4128, 'Accuracy': 0.8867, 'Precision': 0.8875, 'Recall': 0.8836, 'F1 Score': 0.8825, 'Total Inference Time': 268.581, 'Single Img Average Inference Time': 0.0995, 'Number of Parameters': 153285, 'Accuracy/Num Parameters': 5.784649509084385e-06, 'Accuracy/Inference Time': 8.9138, 'Confusion Matrix': array([[271,   1,   2,   2,   0,   6,   6,   0,   2,   4],
       [  0, 323,   0,   0,   0,   1,   0,   0,   0,   0],
       [  4,   6, 238,   1,   3,   3,  21,   1,   0,   1],
       [ 11,   2,  13, 188,   3,   4,  36,   3,   9,   0],
       [  0,   0,   3,   4, 232,   0,   4,   4,   0,   0],
       [  4,  10,   7,   0,   0, 162,   1,   0,   1,   0],
       [  8,   0,  19,   3,   0,   0, 210,   0,   1,   0],
       [  0,   3,   6,   0,   1,   0,   1, 280,   0,   0],
       [ 16,  10,   5,  22,   1,  10,  10,   0, 208,   1],
       [  2,   1,   0,   0,   0,   2,   0,   0,   1, 282]])}
[2025-09-09 01:00:13,792][hydra.utils][INFO] - StudentNetDepthwiseSkip - Predizione corretta: True=HerbaceousVegetation, Pred=HerbaceousVegetation - Layer: depthwise
[2025-09-09 01:00:13,884][hydra.utils][INFO] - StudentNetDepthwiseSkip - Predizione corretta: True=HerbaceousVegetation, Pred=HerbaceousVegetation - Layer: pointwise
[2025-09-09 01:00:13,981][hydra.utils][INFO] - StudentNetDepthwiseSkip - Predizione corretta: True=HerbaceousVegetation, Pred=HerbaceousVegetation - Layer: conv2
[2025-09-09 01:00:14,069][hydra.utils][INFO] - StudentNetDepthwiseSkip - Predizione sbagliata: True=River, Pred=Forest - Layer: depthwise
[2025-09-09 01:00:14,158][hydra.utils][INFO] - StudentNetDepthwiseSkip - Predizione sbagliata: True=River, Pred=Forest - Layer: pointwise
[2025-09-09 01:00:14,252][hydra.utils][INFO] - StudentNetDepthwiseSkip - Predizione sbagliata: True=River, Pred=Forest - Layer: conv2
[2025-09-09 01:00:14,253][hydra.utils][INFO] - StudentNetDepthwiseSkip model weights saved
[2025-09-09 01:00:14,253][hydra.utils][INFO] - 
=== Training StudentNetLight with Teacher EfficientNet-B4 ===
[2025-09-09 01:00:30,204][hydra.utils][INFO] - 
Epoch 1/20, Loss: 1.2889, Accuracy: 0.4692.
Validation Metrics:
 {'Loss': 0.9755, 'Accuracy': 0.6489, 'Precision': 0.6409, 'Recall': 0.6379, 'F1 Score': 0.6317}
[2025-09-09 01:00:30,204][hydra.utils][INFO] - Miglioramento trovato, modello salvato in memoria
[2025-09-09 01:00:46,164][hydra.utils][INFO] - 
Epoch 2/20, Loss: 0.8811, Accuracy: 0.6570.
Validation Metrics:
 {'Loss': 0.8184, 'Accuracy': 0.7252, 'Precision': 0.7275, 'Recall': 0.7165, 'F1 Score': 0.7093}
[2025-09-09 01:00:46,164][hydra.utils][INFO] - Miglioramento trovato, modello salvato in memoria
[2025-09-09 01:01:02,159][hydra.utils][INFO] - 
Epoch 3/20, Loss: 0.7377, Accuracy: 0.7224.
Validation Metrics:
 {'Loss': 0.7138, 'Accuracy': 0.7563, 'Precision': 0.7463, 'Recall': 0.7538, 'F1 Score': 0.7439}
[2025-09-09 01:01:02,159][hydra.utils][INFO] - Miglioramento trovato, modello salvato in memoria
[2025-09-09 01:01:18,265][hydra.utils][INFO] - 
Epoch 4/20, Loss: 0.6347, Accuracy: 0.7719.
Validation Metrics:
 {'Loss': 0.704, 'Accuracy': 0.7744, 'Precision': 0.771, 'Recall': 0.7686, 'F1 Score': 0.7645}
[2025-09-09 01:01:18,265][hydra.utils][INFO] - Miglioramento trovato, modello salvato in memoria
[2025-09-09 01:01:34,060][hydra.utils][INFO] - 
Epoch 5/20, Loss: 0.5475, Accuracy: 0.8092.
Validation Metrics:
 {'Loss': 0.7515, 'Accuracy': 0.7659, 'Precision': 0.7667, 'Recall': 0.7531, 'F1 Score': 0.7531}
[2025-09-09 01:01:34,061][hydra.utils][INFO] - ⏸ Nessun miglioramento (1/4)
[2025-09-09 01:01:49,825][hydra.utils][INFO] - 
Epoch 6/20, Loss: 0.4663, Accuracy: 0.8480.
Validation Metrics:
 {'Loss': 0.7634, 'Accuracy': 0.793, 'Precision': 0.7918, 'Recall': 0.7876, 'F1 Score': 0.7838}
[2025-09-09 01:01:49,825][hydra.utils][INFO] - ⏸ Nessun miglioramento (2/4)
[2025-09-09 01:02:05,760][hydra.utils][INFO] - 
Epoch 7/20, Loss: 0.4350, Accuracy: 0.8588.
Validation Metrics:
 {'Loss': 0.7196, 'Accuracy': 0.7922, 'Precision': 0.7853, 'Recall': 0.7869, 'F1 Score': 0.7834}
[2025-09-09 01:02:05,760][hydra.utils][INFO] - ⏸ Nessun miglioramento (3/4)
[2025-09-09 01:02:22,030][hydra.utils][INFO] - 
Epoch 8/20, Loss: 0.3633, Accuracy: 0.8899.
Validation Metrics:
 {'Loss': 0.7977, 'Accuracy': 0.7837, 'Precision': 0.7794, 'Recall': 0.7801, 'F1 Score': 0.7765}
[2025-09-09 01:02:22,030][hydra.utils][INFO] - ⏸ Nessun miglioramento (4/4)
[2025-09-09 01:02:22,030][hydra.utils][INFO] - Early stopping attivato
[2025-09-09 01:02:22,030][hydra.utils][INFO] - Modello ripristinato ai pesi migliori
[2025-09-09 01:02:22,776][hydra.utils][INFO] - 
StudentNetLight - Test Metrics: {'Loss': 0.7453, 'Accuracy': 0.807, 'Precision': 0.8067, 'Recall': 0.7981, 'F1 Score': 0.7997, 'Total Inference Time': 86.2737, 'Single Img Average Inference Time': 0.032, 'Number of Parameters': 8394410, 'Accuracy/Num Parameters': 9.613540439411467e-08, 'Accuracy/Inference Time': 25.2557, 'Confusion Matrix': array([[258,   1,   1,   4,   0,   3,  11,   0,  14,   2],
       [  0, 314,   2,   0,   0,   3,   0,   0,   3,   2],
       [  7,   5, 178,  15,   6,   5,  41,  11,   9,   1],
       [ 11,   0,   3, 157,   7,   3,  22,  10,  56,   0],
       [  0,   0,   2,   8, 209,   0,   8,  16,   4,   0],
       [  4,  11,   9,   5,   0, 133,   5,   0,  18,   0],
       [ 14,   0,  18,  17,   5,   2, 166,   3,  16,   0],
       [  0,   0,   6,   5,   4,   0,   5, 270,   1,   0],
       [ 10,   9,   7,  20,   8,   6,   1,   3, 219,   0],
       [  4,   0,   0,   0,   0,   2,   0,   0,   7, 275]])}
[2025-09-09 01:02:22,888][hydra.utils][INFO] - StudentNetLight - Predizione corretta: True=HerbaceousVegetation, Pred=HerbaceousVegetation - Layer: conv1
[2025-09-09 01:02:22,972][hydra.utils][INFO] - StudentNetLight - Predizione corretta: True=HerbaceousVegetation, Pred=HerbaceousVegetation - Layer: conv2
[2025-09-09 01:02:23,070][hydra.utils][INFO] - StudentNetLight - Predizione sbagliata: True=Highway, Pred=Industrial - Layer: conv1
[2025-09-09 01:02:23,163][hydra.utils][INFO] - StudentNetLight - Predizione sbagliata: True=Highway, Pred=Industrial - Layer: conv2
[2025-09-09 01:02:23,194][hydra.utils][INFO] - StudentNetLight model weights saved
[2025-09-09 01:02:23,194][hydra.utils][INFO] - 
Best Student: StudentResNet with Accuracy: 0.9574
[2025-09-09 01:02:23,194][hydra.utils][INFO] - 
Worst Student: SimpleNet with Accuracy: 0.7826
[2025-09-09 01:02:23,200][hydra.utils][INFO] - 
=== Grad-CAM Comparison between Best (StudentResNet) and Worst (SimpleNet) Students ===
[2025-09-09 01:02:23,354][hydra.utils][INFO] - Confronto Grad-CAM: True=HerbaceousVegetation, StudentResNet Pred=HerbaceousVegetation, SimpleNet Pred=Residential
[2025-09-09 01:02:23,355][hydra.utils][INFO] - 
=== Final Results ===
[2025-09-09 01:02:23,355][hydra.utils][INFO] - 
Teacher: {'Loss': 0.0921, 'Accuracy': 0.9726, 'Precision': 0.9724, 'Recall': 0.9701, 'F1 Score': 0.971}

[2025-09-09 01:02:23,355][hydra.utils][INFO] - 
SimpleNet: {'Loss': 0.8979, 'Accuracy': 0.7826, 'Precision': 0.7782, 'Recall': 0.7732, 'F1 Score': 0.7737, 'Total Inference Time': 75.0736, 'Single Img Average Inference Time': 0.0278, 'Number of Parameters': 1315818, 'Accuracy/Num Parameters': 5.94763105535872e-07, 'Accuracy/Inference Time': 28.146, 'Confusion Matrix': array([[251,   1,   6,   3,   0,   9,   5,   1,  15,   3],
       [  0, 313,   1,   0,   0,   9,   0,   0,   0,   1],
       [ 12,   3, 203,   7,   1,   4,  30,  10,   8,   0],
       [ 18,   2,   8, 154,   2,   7,  27,  11,  40,   0],
       [  1,   0,   3,   6, 192,   0,  11,  30,   4,   0],
       [  3,   8,  13,   5,   0, 137,   7,   1,  11,   0],
       [ 24,   0,  43,  14,   4,   4, 137,   1,  14,   0],
       [  0,   4,   7,   1,   6,   0,   7, 266,   0,   0],
       [ 11,  13,  11,  32,   3,   5,   8,   7, 190,   3],
       [  6,   1,   0,   0,   0,   5,   0,   0,   6, 270]])}
[2025-09-09 01:02:23,532][hydra.utils][INFO] - 
StudentResNet: {'Loss': 0.1508, 'Accuracy': 0.9574, 'Precision': 0.9583, 'Recall': 0.9563, 'F1 Score': 0.9559, 'Total Inference Time': 381.5257, 'Single Img Average Inference Time': 0.1413, 'Number of Parameters': 168746, 'Accuracy/Num Parameters': 5.6736159671932965e-06, 'Accuracy/Inference Time': 6.7754, 'Confusion Matrix': array([[288,   0,   1,   0,   0,   3,   0,   0,   0,   2],
       [  0, 312,   1,   0,   0,  10,   0,   0,   0,   1],
       [  1,   0, 272,   0,   1,   2,   2,   0,   0,   0],
       [  7,   0,   1, 253,   1,   0,   3,   2,   2,   0],
       [  0,   0,   3,   0, 241,   0,   0,   3,   0,   0],
       [  0,   0,   3,   0,   0, 182,   0,   0,   0,   0],
       [ 10,   0,  26,   0,   2,   1, 201,   1,   0,   0],
       [  0,   0,   0,   0,   0,   0,   0, 291,   0,   0],
       [ 13,   1,   3,   4,   1,   1,   0,   0, 258,   2],
       [  0,   0,   0,   0,   0,   0,   0,   0,   1, 287]])}
[2025-09-09 01:02:23,690][hydra.utils][INFO] - 
StudentNetSeparable: {'Loss': 0.4136, 'Accuracy': 0.8756, 'Precision': 0.8712, 'Recall': 0.8737, 'F1 Score': 0.8697, 'Total Inference Time': 210.3856, 'Single Img Average Inference Time': 0.0779, 'Number of Parameters': 151237, 'Accuracy/Num Parameters': 5.789588526617164e-06, 'Accuracy/Inference Time': 11.2371, 'Confusion Matrix': array([[261,   1,   4,   3,   1,   7,  11,   0,   1,   5],
       [  0, 313,   0,   0,   0,   7,   0,   0,   3,   1],
       [  2,   8, 212,   3,   3,   8,  24,  11,   7,   0],
       [  6,   0,   9, 180,   6,  11,  17,  12,  28,   0],
       [  0,   0,   4,   3, 226,   0,   0,  14,   0,   0],
       [  0,   3,   7,   1,   0, 172,   0,   0,   1,   1],
       [  5,   0,  28,   4,   3,   2, 192,   1,   6,   0],
       [  0,   0,   2,   0,   0,   0,   0, 289,   0,   0],
       [  5,   3,   1,  10,   1,  18,   3,   0, 238,   4],
       [  0,   2,   0,   0,   0,   2,   0,   0,   3, 281]])}
[2025-09-09 01:02:23,845][hydra.utils][INFO] - 
StudentNetDepthwiseSkip: {'Loss': 0.4128, 'Accuracy': 0.8867, 'Precision': 0.8875, 'Recall': 0.8836, 'F1 Score': 0.8825, 'Total Inference Time': 268.581, 'Single Img Average Inference Time': 0.0995, 'Number of Parameters': 153285, 'Accuracy/Num Parameters': 5.784649509084385e-06, 'Accuracy/Inference Time': 8.9138, 'Confusion Matrix': array([[271,   1,   2,   2,   0,   6,   6,   0,   2,   4],
       [  0, 323,   0,   0,   0,   1,   0,   0,   0,   0],
       [  4,   6, 238,   1,   3,   3,  21,   1,   0,   1],
       [ 11,   2,  13, 188,   3,   4,  36,   3,   9,   0],
       [  0,   0,   3,   4, 232,   0,   4,   4,   0,   0],
       [  4,  10,   7,   0,   0, 162,   1,   0,   1,   0],
       [  8,   0,  19,   3,   0,   0, 210,   0,   1,   0],
       [  0,   3,   6,   0,   1,   0,   1, 280,   0,   0],
       [ 16,  10,   5,  22,   1,  10,  10,   0, 208,   1],
       [  2,   1,   0,   0,   0,   2,   0,   0,   1, 282]])}
[2025-09-09 01:02:24,101][hydra.utils][INFO] - 
StudentNetLight: {'Loss': 0.7453, 'Accuracy': 0.807, 'Precision': 0.8067, 'Recall': 0.7981, 'F1 Score': 0.7997, 'Total Inference Time': 86.2737, 'Single Img Average Inference Time': 0.032, 'Number of Parameters': 8394410, 'Accuracy/Num Parameters': 9.613540439411467e-08, 'Accuracy/Inference Time': 25.2557, 'Confusion Matrix': array([[258,   1,   1,   4,   0,   3,  11,   0,  14,   2],
       [  0, 314,   2,   0,   0,   3,   0,   0,   3,   2],
       [  7,   5, 178,  15,   6,   5,  41,  11,   9,   1],
       [ 11,   0,   3, 157,   7,   3,  22,  10,  56,   0],
       [  0,   0,   2,   8, 209,   0,   8,  16,   4,   0],
       [  4,  11,   9,   5,   0, 133,   5,   0,  18,   0],
       [ 14,   0,  18,  17,   5,   2, 166,   3,  16,   0],
       [  0,   0,   6,   5,   4,   0,   5, 270,   1,   0],
       [ 10,   9,   7,  20,   8,   6,   1,   3, 219,   0],
       [  4,   0,   0,   0,   0,   2,   0,   0,   7, 275]])}
[2025-09-09 01:02:24,266][hydra.utils][INFO] - All models trained and evaluated successfully.
